{"C:\\Users\\RICHEY_SON\\Desktop\\smartcart-akedo\\src\\controllers\\AuditController.js": {"path":"C:\\Users\\RICHEY_SON\\Desktop\\smartcart-akedo\\src\\controllers\\AuditController.js","statementMap":{"0":{"start":{"line":1,"column":21},"end":{"line":1,"column":56}},"1":{"start":{"line":2,"column":25},"end":{"line":2,"column":62}},"2":{"start":{"line":3,"column":15},"end":{"line":3,"column":41}},"3":{"start":{"line":5,"column":20},"end":{"line":34,"column":2}},"4":{"start":{"line":6,"column":18},"end":{"line":15,"column":3}},"5":{"start":{"line":17,"column":2},"end":{"line":21,"column":5}},"6":{"start":{"line":18,"column":4},"end":{"line":20,"column":5}},"7":{"start":{"line":19,"column":6},"end":{"line":19,"column":26}},"8":{"start":{"line":23,"column":2},"end":{"line":33,"column":3}},"9":{"start":{"line":24,"column":19},"end":{"line":24,"column":52}},"10":{"start":{"line":26,"column":4},"end":{"line":29,"column":7}},"11":{"start":{"line":31,"column":4},"end":{"line":31,"column":52}},"12":{"start":{"line":32,"column":4},"end":{"line":32,"column":16}},"13":{"start":{"line":36,"column":33},"end":{"line":77,"column":2}},"14":{"start":{"line":37,"column":20},"end":{"line":40,"column":3}},"15":{"start":{"line":42,"column":2},"end":{"line":49,"column":3}},"16":{"start":{"line":43,"column":4},"end":{"line":48,"column":7}},"17":{"start":{"line":51,"column":2},"end":{"line":58,"column":3}},"18":{"start":{"line":52,"column":4},"end":{"line":57,"column":7}},"19":{"start":{"line":60,"column":2},"end":{"line":64,"column":5}},"20":{"start":{"line":61,"column":4},"end":{"line":63,"column":5}},"21":{"start":{"line":62,"column":6},"end":{"line":62,"column":28}},"22":{"start":{"line":66,"column":2},"end":{"line":76,"column":3}},"23":{"start":{"line":67,"column":19},"end":{"line":67,"column":67}},"24":{"start":{"line":69,"column":4},"end":{"line":72,"column":7}},"25":{"start":{"line":74,"column":4},"end":{"line":74,"column":63}},"26":{"start":{"line":75,"column":4},"end":{"line":75,"column":16}},"27":{"start":{"line":79,"column":28},"end":{"line":102,"column":2}},"28":{"start":{"line":80,"column":21},"end":{"line":80,"column":31}},"29":{"start":{"line":82,"column":2},"end":{"line":89,"column":3}},"30":{"start":{"line":83,"column":4},"end":{"line":88,"column":7}},"31":{"start":{"line":91,"column":2},"end":{"line":101,"column":3}},"32":{"start":{"line":92,"column":19},"end":{"line":92,"column":59}},"33":{"start":{"line":94,"column":4},"end":{"line":97,"column":7}},"34":{"start":{"line":99,"column":4},"end":{"line":99,"column":73}},"35":{"start":{"line":100,"column":4},"end":{"line":100,"column":16}},"36":{"start":{"line":104,"column":26},"end":{"line":145,"column":2}},"37":{"start":{"line":105,"column":35},"end":{"line":105,"column":44}},"38":{"start":{"line":107,"column":2},"end":{"line":114,"column":3}},"39":{"start":{"line":108,"column":4},"end":{"line":113,"column":7}},"40":{"start":{"line":116,"column":2},"end":{"line":123,"column":3}},"41":{"start":{"line":117,"column":4},"end":{"line":122,"column":7}},"42":{"start":{"line":125,"column":2},"end":{"line":132,"column":3}},"43":{"start":{"line":126,"column":4},"end":{"line":131,"column":7}},"44":{"start":{"line":134,"column":2},"end":{"line":144,"column":3}},"45":{"start":{"line":135,"column":19},"end":{"line":135,"column":71}},"46":{"start":{"line":137,"column":4},"end":{"line":140,"column":7}},"47":{"start":{"line":142,"column":4},"end":{"line":142,"column":60}},"48":{"start":{"line":143,"column":4},"end":{"line":143,"column":16}},"49":{"start":{"line":147,"column":0},"end":{"line":152,"column":2}}},"fnMap":{"0":{"name":"(anonymous_0)","decl":{"start":{"line":5,"column":33},"end":{"line":5,"column":34}},"loc":{"start":{"line":5,"column":53},"end":{"line":34,"column":1}},"line":5},"1":{"name":"(anonymous_1)","decl":{"start":{"line":17,"column":31},"end":{"line":17,"column":32}},"loc":{"start":{"line":17,"column":38},"end":{"line":21,"column":3}},"line":17},"2":{"name":"(anonymous_2)","decl":{"start":{"line":36,"column":46},"end":{"line":36,"column":47}},"loc":{"start":{"line":36,"column":66},"end":{"line":77,"column":1}},"line":36},"3":{"name":"(anonymous_3)","decl":{"start":{"line":60,"column":33},"end":{"line":60,"column":34}},"loc":{"start":{"line":60,"column":40},"end":{"line":64,"column":3}},"line":60},"4":{"name":"(anonymous_4)","decl":{"start":{"line":79,"column":41},"end":{"line":79,"column":42}},"loc":{"start":{"line":79,"column":61},"end":{"line":102,"column":1}},"line":79},"5":{"name":"(anonymous_5)","decl":{"start":{"line":104,"column":39},"end":{"line":104,"column":40}},"loc":{"start":{"line":104,"column":59},"end":{"line":145,"column":1}},"line":104}},"branchMap":{"0":{"loc":{"start":{"line":18,"column":4},"end":{"line":20,"column":5}},"type":"if","locations":[{"start":{"line":18,"column":4},"end":{"line":20,"column":5}},{"start":{},"end":{}}],"line":18},"1":{"loc":{"start":{"line":42,"column":2},"end":{"line":49,"column":3}},"type":"if","locations":[{"start":{"line":42,"column":2},"end":{"line":49,"column":3}},{"start":{},"end":{}}],"line":42},"2":{"loc":{"start":{"line":42,"column":6},"end":{"line":42,"column":77}},"type":"binary-expr","locations":[{"start":{"line":42,"column":6},"end":{"line":42,"column":26}},{"start":{"line":42,"column":30},"end":{"line":42,"column":77}}],"line":42},"3":{"loc":{"start":{"line":51,"column":2},"end":{"line":58,"column":3}},"type":"if","locations":[{"start":{"line":51,"column":2},"end":{"line":58,"column":3}},{"start":{},"end":{}}],"line":51},"4":{"loc":{"start":{"line":51,"column":6},"end":{"line":51,"column":73}},"type":"binary-expr","locations":[{"start":{"line":51,"column":6},"end":{"line":51,"column":24}},{"start":{"line":51,"column":28},"end":{"line":51,"column":73}}],"line":51},"5":{"loc":{"start":{"line":61,"column":4},"end":{"line":63,"column":5}},"type":"if","locations":[{"start":{"line":61,"column":4},"end":{"line":63,"column":5}},{"start":{},"end":{}}],"line":61},"6":{"loc":{"start":{"line":82,"column":2},"end":{"line":89,"column":3}},"type":"if","locations":[{"start":{"line":82,"column":2},"end":{"line":89,"column":3}},{"start":{},"end":{}}],"line":82},"7":{"loc":{"start":{"line":107,"column":2},"end":{"line":114,"column":3}},"type":"if","locations":[{"start":{"line":107,"column":2},"end":{"line":114,"column":3}},{"start":{},"end":{}}],"line":107},"8":{"loc":{"start":{"line":107,"column":6},"end":{"line":107,"column":30}},"type":"binary-expr","locations":[{"start":{"line":107,"column":6},"end":{"line":107,"column":17}},{"start":{"line":107,"column":21},"end":{"line":107,"column":30}}],"line":107},"9":{"loc":{"start":{"line":116,"column":2},"end":{"line":123,"column":3}},"type":"if","locations":[{"start":{"line":116,"column":2},"end":{"line":123,"column":3}},{"start":{},"end":{}}],"line":116},"10":{"loc":{"start":{"line":125,"column":2},"end":{"line":132,"column":3}},"type":"if","locations":[{"start":{"line":125,"column":2},"end":{"line":132,"column":3}},{"start":{},"end":{}}],"line":125}},"s":{"0":0,"1":0,"2":0,"3":0,"4":0,"5":0,"6":0,"7":0,"8":0,"9":0,"10":0,"11":0,"12":0,"13":0,"14":0,"15":0,"16":0,"17":0,"18":0,"19":0,"20":0,"21":0,"22":0,"23":0,"24":0,"25":0,"26":0,"27":0,"28":0,"29":0,"30":0,"31":0,"32":0,"33":0,"34":0,"35":0,"36":0,"37":0,"38":0,"39":0,"40":0,"41":0,"42":0,"43":0,"44":0,"45":0,"46":0,"47":0,"48":0,"49":0},"f":{"0":0,"1":0,"2":0,"3":0,"4":0,"5":0},"b":{"0":[0,0],"1":[0,0],"2":[0,0],"3":[0,0],"4":[0,0],"5":[0,0],"6":[0,0],"7":[0,0],"8":[0,0],"9":[0,0],"10":[0,0]}}
,"C:\\Users\\RICHEY_SON\\Desktop\\smartcart-akedo\\src\\controllers\\ForecastingController.js": {"path":"C:\\Users\\RICHEY_SON\\Desktop\\smartcart-akedo\\src\\controllers\\ForecastingController.js","statementMap":{"0":{"start":{"line":1,"column":27},"end":{"line":1,"column":68}},"1":{"start":{"line":2,"column":18},"end":{"line":2,"column":48}},"2":{"start":{"line":3,"column":25},"end":{"line":3,"column":62}},"3":{"start":{"line":4,"column":15},"end":{"line":4,"column":41}},"4":{"start":{"line":6,"column":24},"end":{"line":19,"column":2}},"5":{"start":{"line":7,"column":2},"end":{"line":18,"column":3}},"6":{"start":{"line":8,"column":27},"end":{"line":8,"column":43}},"7":{"start":{"line":9,"column":25},"end":{"line":9,"column":80}},"8":{"start":{"line":11,"column":4},"end":{"line":14,"column":7}},"9":{"start":{"line":16,"column":4},"end":{"line":16,"column":59}},"10":{"start":{"line":17,"column":4},"end":{"line":17,"column":16}},"11":{"start":{"line":21,"column":26},"end":{"line":44,"column":2}},"12":{"start":{"line":22,"column":17},"end":{"line":22,"column":27}},"13":{"start":{"line":24,"column":2},"end":{"line":43,"column":3}},"14":{"start":{"line":25,"column":17},"end":{"line":25,"column":34}},"15":{"start":{"line":26,"column":23},"end":{"line":26,"column":65}},"16":{"start":{"line":28,"column":4},"end":{"line":31,"column":7}},"17":{"start":{"line":33,"column":4},"end":{"line":40,"column":5}},"18":{"start":{"line":34,"column":6},"end":{"line":39,"column":9}},"19":{"start":{"line":41,"column":4},"end":{"line":41,"column":68}},"20":{"start":{"line":42,"column":4},"end":{"line":42,"column":16}},"21":{"start":{"line":46,"column":20},"end":{"line":103,"column":2}},"22":{"start":{"line":47,"column":41},"end":{"line":47,"column":49}},"23":{"start":{"line":49,"column":2},"end":{"line":56,"column":3}},"24":{"start":{"line":50,"column":4},"end":{"line":55,"column":7}},"25":{"start":{"line":58,"column":2},"end":{"line":65,"column":3}},"26":{"start":{"line":59,"column":4},"end":{"line":64,"column":7}},"27":{"start":{"line":67,"column":2},"end":{"line":102,"column":3}},"28":{"start":{"line":68,"column":17},"end":{"line":68,"column":39}},"29":{"start":{"line":69,"column":24},"end":{"line":69,"column":70}},"30":{"start":{"line":71,"column":4},"end":{"line":71,"column":57}},"31":{"start":{"line":73,"column":20},"end":{"line":77,"column":5}},"32":{"start":{"line":79,"column":4},"end":{"line":90,"column":7}},"33":{"start":{"line":92,"column":4},"end":{"line":99,"column":5}},"34":{"start":{"line":93,"column":6},"end":{"line":98,"column":9}},"35":{"start":{"line":100,"column":4},"end":{"line":100,"column":50}},"36":{"start":{"line":101,"column":4},"end":{"line":101,"column":16}},"37":{"start":{"line":105,"column":24},"end":{"line":133,"column":2}},"38":{"start":{"line":106,"column":17},"end":{"line":106,"column":27}},"39":{"start":{"line":108,"column":2},"end":{"line":132,"column":3}},"40":{"start":{"line":109,"column":17},"end":{"line":109,"column":34}},"41":{"start":{"line":110,"column":20},"end":{"line":110,"column":65}},"42":{"start":{"line":112,"column":4},"end":{"line":120,"column":7}},"43":{"start":{"line":122,"column":4},"end":{"line":129,"column":5}},"44":{"start":{"line":123,"column":6},"end":{"line":128,"column":9}},"45":{"start":{"line":130,"column":4},"end":{"line":130,"column":71}},"46":{"start":{"line":131,"column":4},"end":{"line":131,"column":16}},"47":{"start":{"line":135,"column":31},"end":{"line":168,"column":2}},"48":{"start":{"line":136,"column":17},"end":{"line":136,"column":27}},"49":{"start":{"line":137,"column":21},"end":{"line":137,"column":50}},"50":{"start":{"line":139,"column":2},"end":{"line":146,"column":3}},"51":{"start":{"line":140,"column":4},"end":{"line":145,"column":7}},"52":{"start":{"line":148,"column":2},"end":{"line":167,"column":3}},"53":{"start":{"line":149,"column":17},"end":{"line":149,"column":34}},"54":{"start":{"line":150,"column":27},"end":{"line":150,"column":86}},"55":{"start":{"line":152,"column":4},"end":{"line":155,"column":7}},"56":{"start":{"line":157,"column":4},"end":{"line":164,"column":5}},"57":{"start":{"line":158,"column":6},"end":{"line":163,"column":9}},"58":{"start":{"line":165,"column":4},"end":{"line":165,"column":78}},"59":{"start":{"line":166,"column":4},"end":{"line":166,"column":16}},"60":{"start":{"line":170,"column":0},"end":{"line":176,"column":2}}},"fnMap":{"0":{"name":"(anonymous_0)","decl":{"start":{"line":6,"column":37},"end":{"line":6,"column":38}},"loc":{"start":{"line":6,"column":57},"end":{"line":19,"column":1}},"line":6},"1":{"name":"(anonymous_1)","decl":{"start":{"line":21,"column":39},"end":{"line":21,"column":40}},"loc":{"start":{"line":21,"column":59},"end":{"line":44,"column":1}},"line":21},"2":{"name":"(anonymous_2)","decl":{"start":{"line":46,"column":33},"end":{"line":46,"column":34}},"loc":{"start":{"line":46,"column":53},"end":{"line":103,"column":1}},"line":46},"3":{"name":"(anonymous_3)","decl":{"start":{"line":105,"column":37},"end":{"line":105,"column":38}},"loc":{"start":{"line":105,"column":57},"end":{"line":133,"column":1}},"line":105},"4":{"name":"(anonymous_4)","decl":{"start":{"line":135,"column":44},"end":{"line":135,"column":45}},"loc":{"start":{"line":135,"column":64},"end":{"line":168,"column":1}},"line":135}},"branchMap":{"0":{"loc":{"start":{"line":33,"column":4},"end":{"line":40,"column":5}},"type":"if","locations":[{"start":{"line":33,"column":4},"end":{"line":40,"column":5}},{"start":{},"end":{}}],"line":33},"1":{"loc":{"start":{"line":49,"column":2},"end":{"line":56,"column":3}},"type":"if","locations":[{"start":{"line":49,"column":2},"end":{"line":56,"column":3}},{"start":{},"end":{}}],"line":49},"2":{"loc":{"start":{"line":58,"column":2},"end":{"line":65,"column":3}},"type":"if","locations":[{"start":{"line":58,"column":2},"end":{"line":65,"column":3}},{"start":{},"end":{}}],"line":58},"3":{"loc":{"start":{"line":58,"column":6},"end":{"line":58,"column":69}},"type":"binary-expr","locations":[{"start":{"line":58,"column":6},"end":{"line":58,"column":43}},{"start":{"line":58,"column":47},"end":{"line":58,"column":69}}],"line":58},"4":{"loc":{"start":{"line":92,"column":4},"end":{"line":99,"column":5}},"type":"if","locations":[{"start":{"line":92,"column":4},"end":{"line":99,"column":5}},{"start":{},"end":{}}],"line":92},"5":{"loc":{"start":{"line":122,"column":4},"end":{"line":129,"column":5}},"type":"if","locations":[{"start":{"line":122,"column":4},"end":{"line":129,"column":5}},{"start":{},"end":{}}],"line":122},"6":{"loc":{"start":{"line":137,"column":21},"end":{"line":137,"column":50}},"type":"binary-expr","locations":[{"start":{"line":137,"column":21},"end":{"line":137,"column":45}},{"start":{"line":137,"column":49},"end":{"line":137,"column":50}}],"line":137},"7":{"loc":{"start":{"line":139,"column":2},"end":{"line":146,"column":3}},"type":"if","locations":[{"start":{"line":139,"column":2},"end":{"line":146,"column":3}},{"start":{},"end":{}}],"line":139},"8":{"loc":{"start":{"line":139,"column":6},"end":{"line":139,"column":40}},"type":"binary-expr","locations":[{"start":{"line":139,"column":6},"end":{"line":139,"column":20}},{"start":{"line":139,"column":24},"end":{"line":139,"column":40}}],"line":139},"9":{"loc":{"start":{"line":157,"column":4},"end":{"line":164,"column":5}},"type":"if","locations":[{"start":{"line":157,"column":4},"end":{"line":164,"column":5}},{"start":{},"end":{}}],"line":157}},"s":{"0":0,"1":0,"2":0,"3":0,"4":0,"5":0,"6":0,"7":0,"8":0,"9":0,"10":0,"11":0,"12":0,"13":0,"14":0,"15":0,"16":0,"17":0,"18":0,"19":0,"20":0,"21":0,"22":0,"23":0,"24":0,"25":0,"26":0,"27":0,"28":0,"29":0,"30":0,"31":0,"32":0,"33":0,"34":0,"35":0,"36":0,"37":0,"38":0,"39":0,"40":0,"41":0,"42":0,"43":0,"44":0,"45":0,"46":0,"47":0,"48":0,"49":0,"50":0,"51":0,"52":0,"53":0,"54":0,"55":0,"56":0,"57":0,"58":0,"59":0,"60":0},"f":{"0":0,"1":0,"2":0,"3":0,"4":0},"b":{"0":[0,0],"1":[0,0],"2":[0,0],"3":[0,0],"4":[0,0],"5":[0,0],"6":[0,0],"7":[0,0],"8":[0,0],"9":[0,0]}}
,"C:\\Users\\RICHEY_SON\\Desktop\\smartcart-akedo\\src\\controllers\\InventoryController.js": {"path":"C:\\Users\\RICHEY_SON\\Desktop\\smartcart-akedo\\src\\controllers\\InventoryController.js","statementMap":{"0":{"start":{"line":1,"column":25},"end":{"line":1,"column":64}},"1":{"start":{"line":2,"column":28},"end":{"line":2,"column":63}},"2":{"start":{"line":3,"column":25},"end":{"line":3,"column":62}},"3":{"start":{"line":4,"column":15},"end":{"line":4,"column":41}},"4":{"start":{"line":6,"column":16},"end":{"line":76,"column":2}},"5":{"start":{"line":7,"column":84},"end":{"line":7,"column":92}},"6":{"start":{"line":9,"column":2},"end":{"line":16,"column":3}},"7":{"start":{"line":10,"column":4},"end":{"line":15,"column":7}},"8":{"start":{"line":18,"column":2},"end":{"line":25,"column":3}},"9":{"start":{"line":19,"column":4},"end":{"line":24,"column":7}},"10":{"start":{"line":27,"column":2},"end":{"line":34,"column":3}},"11":{"start":{"line":28,"column":4},"end":{"line":33,"column":7}},"12":{"start":{"line":36,"column":2},"end":{"line":43,"column":3}},"13":{"start":{"line":37,"column":4},"end":{"line":42,"column":7}},"14":{"start":{"line":45,"column":2},"end":{"line":63,"column":3}},"15":{"start":{"line":46,"column":20},"end":{"line":46,"column":45}},"16":{"start":{"line":47,"column":4},"end":{"line":54,"column":5}},"17":{"start":{"line":48,"column":6},"end":{"line":53,"column":9}},"18":{"start":{"line":55,"column":4},"end":{"line":62,"column":5}},"19":{"start":{"line":56,"column":6},"end":{"line":61,"column":9}},"20":{"start":{"line":65,"column":17},"end":{"line":73,"column":4}},"21":{"start":{"line":75,"column":2},"end":{"line":75,"column":31}},"22":{"start":{"line":78,"column":21},"end":{"line":81,"column":2}},"23":{"start":{"line":79,"column":17},"end":{"line":79,"column":48}},"24":{"start":{"line":80,"column":2},"end":{"line":80,"column":31}},"25":{"start":{"line":83,"column":16},"end":{"line":87,"column":2}},"26":{"start":{"line":84,"column":17},"end":{"line":84,"column":27}},"27":{"start":{"line":85,"column":17},"end":{"line":85,"column":45}},"28":{"start":{"line":86,"column":2},"end":{"line":86,"column":31}},"29":{"start":{"line":89,"column":19},"end":{"line":144,"column":2}},"30":{"start":{"line":90,"column":17},"end":{"line":90,"column":27}},"31":{"start":{"line":91,"column":18},"end":{"line":91,"column":26}},"32":{"start":{"line":93,"column":2},"end":{"line":100,"column":3}},"33":{"start":{"line":94,"column":4},"end":{"line":99,"column":7}},"34":{"start":{"line":102,"column":2},"end":{"line":109,"column":3}},"35":{"start":{"line":103,"column":4},"end":{"line":108,"column":7}},"36":{"start":{"line":111,"column":2},"end":{"line":118,"column":3}},"37":{"start":{"line":112,"column":4},"end":{"line":117,"column":7}},"38":{"start":{"line":120,"column":2},"end":{"line":127,"column":3}},"39":{"start":{"line":121,"column":4},"end":{"line":126,"column":7}},"40":{"start":{"line":129,"column":2},"end":{"line":140,"column":3}},"41":{"start":{"line":130,"column":20},"end":{"line":130,"column":53}},"42":{"start":{"line":131,"column":4},"end":{"line":138,"column":5}},"43":{"start":{"line":132,"column":6},"end":{"line":137,"column":9}},"44":{"start":{"line":139,"column":4},"end":{"line":139,"column":38}},"45":{"start":{"line":142,"column":17},"end":{"line":142,"column":57}},"46":{"start":{"line":143,"column":2},"end":{"line":143,"column":31}},"47":{"start":{"line":146,"column":19},"end":{"line":150,"column":2}},"48":{"start":{"line":147,"column":17},"end":{"line":147,"column":27}},"49":{"start":{"line":148,"column":17},"end":{"line":148,"column":48}},"50":{"start":{"line":149,"column":2},"end":{"line":149,"column":31}},"51":{"start":{"line":152,"column":22},"end":{"line":184,"column":2}},"52":{"start":{"line":153,"column":22},"end":{"line":153,"column":30}},"53":{"start":{"line":155,"column":2},"end":{"line":162,"column":3}},"54":{"start":{"line":156,"column":4},"end":{"line":161,"column":7}},"55":{"start":{"line":164,"column":2},"end":{"line":171,"column":3}},"56":{"start":{"line":165,"column":4},"end":{"line":170,"column":7}},"57":{"start":{"line":173,"column":2},"end":{"line":180,"column":3}},"58":{"start":{"line":174,"column":4},"end":{"line":179,"column":7}},"59":{"start":{"line":182,"column":17},"end":{"line":182,"column":64}},"60":{"start":{"line":183,"column":2},"end":{"line":183,"column":31}},"61":{"start":{"line":186,"column":24},"end":{"line":198,"column":2}},"62":{"start":{"line":187,"column":15},"end":{"line":187,"column":44}},"63":{"start":{"line":188,"column":2},"end":{"line":195,"column":3}},"64":{"start":{"line":189,"column":4},"end":{"line":194,"column":7}},"65":{"start":{"line":196,"column":17},"end":{"line":196,"column":55}},"66":{"start":{"line":197,"column":2},"end":{"line":197,"column":31}},"67":{"start":{"line":200,"column":22},"end":{"line":212,"column":2}},"68":{"start":{"line":201,"column":23},"end":{"line":201,"column":33}},"69":{"start":{"line":202,"column":2},"end":{"line":209,"column":3}},"70":{"start":{"line":203,"column":4},"end":{"line":208,"column":7}},"71":{"start":{"line":210,"column":17},"end":{"line":210,"column":57}},"72":{"start":{"line":211,"column":2},"end":{"line":211,"column":31}},"73":{"start":{"line":214,"column":22},"end":{"line":217,"column":2}},"74":{"start":{"line":215,"column":17},"end":{"line":215,"column":49}},"75":{"start":{"line":216,"column":2},"end":{"line":216,"column":31}},"76":{"start":{"line":219,"column":0},"end":{"line":229,"column":2}}},"fnMap":{"0":{"name":"(anonymous_0)","decl":{"start":{"line":6,"column":29},"end":{"line":6,"column":30}},"loc":{"start":{"line":6,"column":49},"end":{"line":76,"column":1}},"line":6},"1":{"name":"(anonymous_1)","decl":{"start":{"line":78,"column":34},"end":{"line":78,"column":35}},"loc":{"start":{"line":78,"column":54},"end":{"line":81,"column":1}},"line":78},"2":{"name":"(anonymous_2)","decl":{"start":{"line":83,"column":29},"end":{"line":83,"column":30}},"loc":{"start":{"line":83,"column":49},"end":{"line":87,"column":1}},"line":83},"3":{"name":"(anonymous_3)","decl":{"start":{"line":89,"column":32},"end":{"line":89,"column":33}},"loc":{"start":{"line":89,"column":52},"end":{"line":144,"column":1}},"line":89},"4":{"name":"(anonymous_4)","decl":{"start":{"line":146,"column":32},"end":{"line":146,"column":33}},"loc":{"start":{"line":146,"column":52},"end":{"line":150,"column":1}},"line":146},"5":{"name":"(anonymous_5)","decl":{"start":{"line":152,"column":35},"end":{"line":152,"column":36}},"loc":{"start":{"line":152,"column":55},"end":{"line":184,"column":1}},"line":152},"6":{"name":"(anonymous_6)","decl":{"start":{"line":186,"column":37},"end":{"line":186,"column":38}},"loc":{"start":{"line":186,"column":57},"end":{"line":198,"column":1}},"line":186},"7":{"name":"(anonymous_7)","decl":{"start":{"line":200,"column":35},"end":{"line":200,"column":36}},"loc":{"start":{"line":200,"column":55},"end":{"line":212,"column":1}},"line":200},"8":{"name":"(anonymous_8)","decl":{"start":{"line":214,"column":35},"end":{"line":214,"column":36}},"loc":{"start":{"line":214,"column":55},"end":{"line":217,"column":1}},"line":214}},"branchMap":{"0":{"loc":{"start":{"line":9,"column":2},"end":{"line":16,"column":3}},"type":"if","locations":[{"start":{"line":9,"column":2},"end":{"line":16,"column":3}},{"start":{},"end":{}}],"line":9},"1":{"loc":{"start":{"line":9,"column":6},"end":{"line":9,"column":67}},"type":"binary-expr","locations":[{"start":{"line":9,"column":6},"end":{"line":9,"column":11}},{"start":{"line":9,"column":15},"end":{"line":9,"column":39}},{"start":{"line":9,"column":43},"end":{"line":9,"column":67}}],"line":9},"2":{"loc":{"start":{"line":18,"column":2},"end":{"line":25,"column":3}},"type":"if","locations":[{"start":{"line":18,"column":2},"end":{"line":25,"column":3}},{"start":{},"end":{}}],"line":18},"3":{"loc":{"start":{"line":18,"column":6},"end":{"line":18,"column":51}},"type":"binary-expr","locations":[{"start":{"line":18,"column":6},"end":{"line":18,"column":34}},{"start":{"line":18,"column":38},"end":{"line":18,"column":51}}],"line":18},"4":{"loc":{"start":{"line":27,"column":2},"end":{"line":34,"column":3}},"type":"if","locations":[{"start":{"line":27,"column":2},"end":{"line":34,"column":3}},{"start":{},"end":{}}],"line":27},"5":{"loc":{"start":{"line":27,"column":6},"end":{"line":27,"column":96}},"type":"binary-expr","locations":[{"start":{"line":27,"column":6},"end":{"line":27,"column":15}},{"start":{"line":27,"column":19},"end":{"line":27,"column":96}}],"line":27},"6":{"loc":{"start":{"line":36,"column":2},"end":{"line":43,"column":3}},"type":"if","locations":[{"start":{"line":36,"column":2},"end":{"line":43,"column":3}},{"start":{},"end":{}}],"line":36},"7":{"loc":{"start":{"line":36,"column":6},"end":{"line":36,"column":69}},"type":"binary-expr","locations":[{"start":{"line":36,"column":6},"end":{"line":36,"column":25}},{"start":{"line":36,"column":30},"end":{"line":36,"column":55}},{"start":{"line":36,"column":59},"end":{"line":36,"column":68}}],"line":36},"8":{"loc":{"start":{"line":45,"column":2},"end":{"line":63,"column":3}},"type":"if","locations":[{"start":{"line":45,"column":2},"end":{"line":63,"column":3}},{"start":{},"end":{}}],"line":45},"9":{"loc":{"start":{"line":47,"column":4},"end":{"line":54,"column":5}},"type":"if","locations":[{"start":{"line":47,"column":4},"end":{"line":54,"column":5}},{"start":{},"end":{}}],"line":47},"10":{"loc":{"start":{"line":55,"column":4},"end":{"line":62,"column":5}},"type":"if","locations":[{"start":{"line":55,"column":4},"end":{"line":62,"column":5}},{"start":{},"end":{}}],"line":55},"11":{"loc":{"start":{"line":69,"column":11},"end":{"line":69,"column":21}},"type":"binary-expr","locations":[{"start":{"line":69,"column":11},"end":{"line":69,"column":16}},{"start":{"line":69,"column":20},"end":{"line":69,"column":21}}],"line":69},"12":{"loc":{"start":{"line":70,"column":21},"end":{"line":70,"column":76}},"type":"cond-expr","locations":[{"start":{"line":70,"column":39},"end":{"line":70,"column":64}},{"start":{"line":70,"column":67},"end":{"line":70,"column":76}}],"line":70},"13":{"loc":{"start":{"line":71,"column":19},"end":{"line":71,"column":70}},"type":"cond-expr","locations":[{"start":{"line":71,"column":35},"end":{"line":71,"column":58}},{"start":{"line":71,"column":61},"end":{"line":71,"column":70}}],"line":71},"14":{"loc":{"start":{"line":72,"column":10},"end":{"line":72,"column":26}},"type":"binary-expr","locations":[{"start":{"line":72,"column":10},"end":{"line":72,"column":14}},{"start":{"line":72,"column":18},"end":{"line":72,"column":26}}],"line":72},"15":{"loc":{"start":{"line":93,"column":2},"end":{"line":100,"column":3}},"type":"if","locations":[{"start":{"line":93,"column":2},"end":{"line":100,"column":3}},{"start":{},"end":{}}],"line":93},"16":{"loc":{"start":{"line":102,"column":2},"end":{"line":109,"column":3}},"type":"if","locations":[{"start":{"line":102,"column":2},"end":{"line":109,"column":3}},{"start":{},"end":{}}],"line":102},"17":{"loc":{"start":{"line":102,"column":6},"end":{"line":102,"column":103}},"type":"binary-expr","locations":[{"start":{"line":102,"column":6},"end":{"line":102,"column":36}},{"start":{"line":102,"column":41},"end":{"line":102,"column":77}},{"start":{"line":102,"column":81},"end":{"line":102,"column":102}}],"line":102},"18":{"loc":{"start":{"line":111,"column":2},"end":{"line":118,"column":3}},"type":"if","locations":[{"start":{"line":111,"column":2},"end":{"line":118,"column":3}},{"start":{},"end":{}}],"line":111},"19":{"loc":{"start":{"line":111,"column":6},"end":{"line":111,"column":93}},"type":"binary-expr","locations":[{"start":{"line":111,"column":6},"end":{"line":111,"column":33}},{"start":{"line":111,"column":38},"end":{"line":111,"column":71}},{"start":{"line":111,"column":75},"end":{"line":111,"column":92}}],"line":111},"20":{"loc":{"start":{"line":120,"column":2},"end":{"line":127,"column":3}},"type":"if","locations":[{"start":{"line":120,"column":2},"end":{"line":127,"column":3}},{"start":{},"end":{}}],"line":120},"21":{"loc":{"start":{"line":120,"column":6},"end":{"line":120,"column":125}},"type":"binary-expr","locations":[{"start":{"line":120,"column":6},"end":{"line":120,"column":36}},{"start":{"line":120,"column":40},"end":{"line":120,"column":125}}],"line":120},"22":{"loc":{"start":{"line":129,"column":2},"end":{"line":140,"column":3}},"type":"if","locations":[{"start":{"line":129,"column":2},"end":{"line":140,"column":3}},{"start":{},"end":{}}],"line":129},"23":{"loc":{"start":{"line":131,"column":4},"end":{"line":138,"column":5}},"type":"if","locations":[{"start":{"line":131,"column":4},"end":{"line":138,"column":5}},{"start":{},"end":{}}],"line":131},"24":{"loc":{"start":{"line":155,"column":2},"end":{"line":162,"column":3}},"type":"if","locations":[{"start":{"line":155,"column":2},"end":{"line":162,"column":3}},{"start":{},"end":{}}],"line":155},"25":{"loc":{"start":{"line":155,"column":6},"end":{"line":155,"column":53}},"type":"binary-expr","locations":[{"start":{"line":155,"column":6},"end":{"line":155,"column":18}},{"start":{"line":155,"column":22},"end":{"line":155,"column":53}}],"line":155},"26":{"loc":{"start":{"line":164,"column":2},"end":{"line":171,"column":3}},"type":"if","locations":[{"start":{"line":164,"column":2},"end":{"line":171,"column":3}},{"start":{},"end":{}}],"line":164},"27":{"loc":{"start":{"line":173,"column":2},"end":{"line":180,"column":3}},"type":"if","locations":[{"start":{"line":173,"column":2},"end":{"line":180,"column":3}},{"start":{},"end":{}}],"line":173},"28":{"loc":{"start":{"line":187,"column":15},"end":{"line":187,"column":44}},"type":"binary-expr","locations":[{"start":{"line":187,"column":15},"end":{"line":187,"column":39}},{"start":{"line":187,"column":43},"end":{"line":187,"column":44}}],"line":187},"29":{"loc":{"start":{"line":188,"column":2},"end":{"line":195,"column":3}},"type":"if","locations":[{"start":{"line":188,"column":2},"end":{"line":195,"column":3}},{"start":{},"end":{}}],"line":188},"30":{"loc":{"start":{"line":188,"column":6},"end":{"line":188,"column":28}},"type":"binary-expr","locations":[{"start":{"line":188,"column":6},"end":{"line":188,"column":14}},{"start":{"line":188,"column":18},"end":{"line":188,"column":28}}],"line":188},"31":{"loc":{"start":{"line":202,"column":2},"end":{"line":209,"column":3}},"type":"if","locations":[{"start":{"line":202,"column":2},"end":{"line":209,"column":3}},{"start":{},"end":{}}],"line":202}},"s":{"0":1,"1":1,"2":1,"3":1,"4":1,"5":4,"6":4,"7":1,"8":3,"9":1,"10":2,"11":1,"12":1,"13":0,"14":1,"15":0,"16":0,"17":0,"18":0,"19":0,"20":1,"21":1,"22":1,"23":2,"24":2,"25":1,"26":2,"27":2,"28":1,"29":1,"30":3,"31":3,"32":3,"33":0,"34":3,"35":1,"36":2,"37":0,"38":2,"39":0,"40":2,"41":0,"42":0,"43":0,"44":0,"45":2,"46":1,"47":1,"48":2,"49":2,"50":1,"51":1,"52":2,"53":2,"54":0,"55":2,"56":1,"57":1,"58":0,"59":1,"60":1,"61":1,"62":2,"63":2,"64":1,"65":1,"66":1,"67":1,"68":0,"69":0,"70":0,"71":0,"72":0,"73":1,"74":0,"75":0,"76":1},"f":{"0":4,"1":2,"2":2,"3":3,"4":2,"5":2,"6":2,"7":0,"8":0},"b":{"0":[1,3],"1":[4,3,3],"2":[1,2],"3":[3,3],"4":[1,1],"5":[2,2],"6":[0,1],"7":[1,1,1],"8":[0,1],"9":[0,0],"10":[0,0],"11":[1,0],"12":[0,1],"13":[0,1],"14":[1,0],"15":[0,3],"16":[1,2],"17":[3,3,3],"18":[0,2],"19":[2,0,0],"20":[0,2],"21":[2,0],"22":[0,2],"23":[0,0],"24":[0,2],"25":[2,2],"26":[1,1],"27":[0,1],"28":[2,0],"29":[1,1],"30":[2,2],"31":[0,0]},"_coverageSchema":"1a1c01bbd47fc00a2c39e90264f33305004495a9","hash":"7e24179eb973b8f4e525f1a316a80b39734f7309"}
,"C:\\Users\\RICHEY_SON\\Desktop\\smartcart-akedo\\src\\controllers\\ShoppingController.js": {"path":"C:\\Users\\RICHEY_SON\\Desktop\\smartcart-akedo\\src\\controllers\\ShoppingController.js","statementMap":{"0":{"start":{"line":1,"column":26},"end":{"line":1,"column":66}},"1":{"start":{"line":2,"column":22},"end":{"line":2,"column":58}},"2":{"start":{"line":3,"column":23},"end":{"line":3,"column":60}},"3":{"start":{"line":4,"column":25},"end":{"line":4,"column":62}},"4":{"start":{"line":5,"column":15},"end":{"line":5,"column":41}},"5":{"start":{"line":7,"column":28},"end":{"line":31,"column":2}},"6":{"start":{"line":8,"column":27},"end":{"line":8,"column":36}},"7":{"start":{"line":10,"column":2},"end":{"line":17,"column":3}},"8":{"start":{"line":11,"column":4},"end":{"line":16,"column":7}},"9":{"start":{"line":19,"column":2},"end":{"line":30,"column":3}},"10":{"start":{"line":20,"column":24},"end":{"line":20,"column":44}},"11":{"start":{"line":21,"column":20},"end":{"line":21,"column":77}},"12":{"start":{"line":23,"column":4},"end":{"line":26,"column":7}},"13":{"start":{"line":28,"column":4},"end":{"line":28,"column":59}},"14":{"start":{"line":29,"column":4},"end":{"line":29,"column":16}},"15":{"start":{"line":33,"column":22},"end":{"line":56,"column":2}},"16":{"start":{"line":34,"column":19},"end":{"line":34,"column":29}},"17":{"start":{"line":36,"column":2},"end":{"line":43,"column":3}},"18":{"start":{"line":37,"column":4},"end":{"line":42,"column":7}},"19":{"start":{"line":45,"column":2},"end":{"line":55,"column":3}},"20":{"start":{"line":46,"column":23},"end":{"line":46,"column":60}},"21":{"start":{"line":48,"column":4},"end":{"line":51,"column":7}},"22":{"start":{"line":53,"column":4},"end":{"line":53,"column":63}},"23":{"start":{"line":54,"column":4},"end":{"line":54,"column":16}},"24":{"start":{"line":58,"column":21},"end":{"line":87,"column":2}},"25":{"start":{"line":59,"column":27},"end":{"line":59,"column":36}},"26":{"start":{"line":61,"column":2},"end":{"line":68,"column":3}},"27":{"start":{"line":62,"column":4},"end":{"line":67,"column":7}},"28":{"start":{"line":70,"column":2},"end":{"line":86,"column":3}},"29":{"start":{"line":71,"column":24},"end":{"line":71,"column":44}},"30":{"start":{"line":72,"column":20},"end":{"line":72,"column":68}},"31":{"start":{"line":74,"column":4},"end":{"line":82,"column":7}},"32":{"start":{"line":84,"column":4},"end":{"line":84,"column":51}},"33":{"start":{"line":85,"column":4},"end":{"line":85,"column":16}},"34":{"start":{"line":89,"column":22},"end":{"line":118,"column":2}},"35":{"start":{"line":90,"column":27},"end":{"line":90,"column":36}},"36":{"start":{"line":92,"column":2},"end":{"line":99,"column":3}},"37":{"start":{"line":93,"column":4},"end":{"line":98,"column":7}},"38":{"start":{"line":101,"column":2},"end":{"line":117,"column":3}},"39":{"start":{"line":102,"column":24},"end":{"line":102,"column":44}},"40":{"start":{"line":103,"column":20},"end":{"line":103,"column":69}},"41":{"start":{"line":105,"column":4},"end":{"line":113,"column":7}},"42":{"start":{"line":115,"column":4},"end":{"line":115,"column":52}},"43":{"start":{"line":116,"column":4},"end":{"line":116,"column":16}},"44":{"start":{"line":120,"column":25},"end":{"line":142,"column":2}},"45":{"start":{"line":121,"column":17},"end":{"line":121,"column":27}},"46":{"start":{"line":123,"column":2},"end":{"line":141,"column":3}},"47":{"start":{"line":124,"column":20},"end":{"line":124,"column":55}},"48":{"start":{"line":126,"column":4},"end":{"line":129,"column":7}},"49":{"start":{"line":131,"column":4},"end":{"line":138,"column":5}},"50":{"start":{"line":132,"column":6},"end":{"line":137,"column":9}},"51":{"start":{"line":139,"column":4},"end":{"line":139,"column":63}},"52":{"start":{"line":140,"column":4},"end":{"line":140,"column":16}},"53":{"start":{"line":144,"column":26},"end":{"line":166,"column":2}},"54":{"start":{"line":145,"column":17},"end":{"line":145,"column":27}},"55":{"start":{"line":147,"column":2},"end":{"line":165,"column":3}},"56":{"start":{"line":148,"column":20},"end":{"line":148,"column":56}},"57":{"start":{"line":150,"column":4},"end":{"line":153,"column":7}},"58":{"start":{"line":155,"column":4},"end":{"line":162,"column":5}},"59":{"start":{"line":156,"column":6},"end":{"line":161,"column":9}},"60":{"start":{"line":163,"column":4},"end":{"line":163,"column":64}},"61":{"start":{"line":164,"column":4},"end":{"line":164,"column":16}},"62":{"start":{"line":168,"column":25},"end":{"line":200,"column":2}},"63":{"start":{"line":169,"column":28},"end":{"line":169,"column":36}},"64":{"start":{"line":171,"column":2},"end":{"line":178,"column":3}},"65":{"start":{"line":172,"column":4},"end":{"line":177,"column":7}},"66":{"start":{"line":180,"column":2},"end":{"line":187,"column":3}},"67":{"start":{"line":181,"column":4},"end":{"line":186,"column":7}},"68":{"start":{"line":189,"column":2},"end":{"line":199,"column":3}},"69":{"start":{"line":190,"column":17},"end":{"line":190,"column":66}},"70":{"start":{"line":192,"column":4},"end":{"line":195,"column":7}},"71":{"start":{"line":197,"column":4},"end":{"line":197,"column":56}},"72":{"start":{"line":198,"column":4},"end":{"line":198,"column":16}},"73":{"start":{"line":202,"column":0},"end":{"line":210,"column":2}}},"fnMap":{"0":{"name":"(anonymous_0)","decl":{"start":{"line":7,"column":41},"end":{"line":7,"column":42}},"loc":{"start":{"line":7,"column":61},"end":{"line":31,"column":1}},"line":7},"1":{"name":"(anonymous_1)","decl":{"start":{"line":33,"column":35},"end":{"line":33,"column":36}},"loc":{"start":{"line":33,"column":55},"end":{"line":56,"column":1}},"line":33},"2":{"name":"(anonymous_2)","decl":{"start":{"line":58,"column":34},"end":{"line":58,"column":35}},"loc":{"start":{"line":58,"column":54},"end":{"line":87,"column":1}},"line":58},"3":{"name":"(anonymous_3)","decl":{"start":{"line":89,"column":35},"end":{"line":89,"column":36}},"loc":{"start":{"line":89,"column":55},"end":{"line":118,"column":1}},"line":89},"4":{"name":"(anonymous_4)","decl":{"start":{"line":120,"column":38},"end":{"line":120,"column":39}},"loc":{"start":{"line":120,"column":58},"end":{"line":142,"column":1}},"line":120},"5":{"name":"(anonymous_5)","decl":{"start":{"line":144,"column":39},"end":{"line":144,"column":40}},"loc":{"start":{"line":144,"column":59},"end":{"line":166,"column":1}},"line":144},"6":{"name":"(anonymous_6)","decl":{"start":{"line":168,"column":38},"end":{"line":168,"column":39}},"loc":{"start":{"line":168,"column":58},"end":{"line":200,"column":1}},"line":168}},"branchMap":{"0":{"loc":{"start":{"line":10,"column":2},"end":{"line":17,"column":3}},"type":"if","locations":[{"start":{"line":10,"column":2},"end":{"line":17,"column":3}},{"start":{},"end":{}}],"line":10},"1":{"loc":{"start":{"line":10,"column":6},"end":{"line":10,"column":41}},"type":"binary-expr","locations":[{"start":{"line":10,"column":6},"end":{"line":10,"column":12}},{"start":{"line":10,"column":16},"end":{"line":10,"column":41}}],"line":10},"2":{"loc":{"start":{"line":20,"column":24},"end":{"line":20,"column":44}},"type":"binary-expr","locations":[{"start":{"line":20,"column":24},"end":{"line":20,"column":39}},{"start":{"line":20,"column":43},"end":{"line":20,"column":44}}],"line":20},"3":{"loc":{"start":{"line":36,"column":2},"end":{"line":43,"column":3}},"type":"if","locations":[{"start":{"line":36,"column":2},"end":{"line":43,"column":3}},{"start":{},"end":{}}],"line":36},"4":{"loc":{"start":{"line":61,"column":2},"end":{"line":68,"column":3}},"type":"if","locations":[{"start":{"line":61,"column":2},"end":{"line":68,"column":3}},{"start":{},"end":{}}],"line":61},"5":{"loc":{"start":{"line":61,"column":6},"end":{"line":61,"column":41}},"type":"binary-expr","locations":[{"start":{"line":61,"column":6},"end":{"line":61,"column":12}},{"start":{"line":61,"column":16},"end":{"line":61,"column":41}}],"line":61},"6":{"loc":{"start":{"line":71,"column":24},"end":{"line":71,"column":44}},"type":"binary-expr","locations":[{"start":{"line":71,"column":24},"end":{"line":71,"column":39}},{"start":{"line":71,"column":43},"end":{"line":71,"column":44}}],"line":71},"7":{"loc":{"start":{"line":92,"column":2},"end":{"line":99,"column":3}},"type":"if","locations":[{"start":{"line":92,"column":2},"end":{"line":99,"column":3}},{"start":{},"end":{}}],"line":92},"8":{"loc":{"start":{"line":92,"column":6},"end":{"line":92,"column":41}},"type":"binary-expr","locations":[{"start":{"line":92,"column":6},"end":{"line":92,"column":12}},{"start":{"line":92,"column":16},"end":{"line":92,"column":41}}],"line":92},"9":{"loc":{"start":{"line":102,"column":24},"end":{"line":102,"column":44}},"type":"binary-expr","locations":[{"start":{"line":102,"column":24},"end":{"line":102,"column":39}},{"start":{"line":102,"column":43},"end":{"line":102,"column":44}}],"line":102},"10":{"loc":{"start":{"line":131,"column":4},"end":{"line":138,"column":5}},"type":"if","locations":[{"start":{"line":131,"column":4},"end":{"line":138,"column":5}},{"start":{},"end":{}}],"line":131},"11":{"loc":{"start":{"line":155,"column":4},"end":{"line":162,"column":5}},"type":"if","locations":[{"start":{"line":155,"column":4},"end":{"line":162,"column":5}},{"start":{},"end":{}}],"line":155},"12":{"loc":{"start":{"line":171,"column":2},"end":{"line":178,"column":3}},"type":"if","locations":[{"start":{"line":171,"column":2},"end":{"line":178,"column":3}},{"start":{},"end":{}}],"line":171},"13":{"loc":{"start":{"line":171,"column":6},"end":{"line":171,"column":49}},"type":"binary-expr","locations":[{"start":{"line":171,"column":6},"end":{"line":171,"column":27}},{"start":{"line":171,"column":31},"end":{"line":171,"column":49}}],"line":171},"14":{"loc":{"start":{"line":180,"column":2},"end":{"line":187,"column":3}},"type":"if","locations":[{"start":{"line":180,"column":2},"end":{"line":187,"column":3}},{"start":{},"end":{}}],"line":180},"15":{"loc":{"start":{"line":180,"column":6},"end":{"line":180,"column":72}},"type":"binary-expr","locations":[{"start":{"line":180,"column":6},"end":{"line":180,"column":26}},{"start":{"line":180,"column":31},"end":{"line":180,"column":57}},{"start":{"line":180,"column":61},"end":{"line":180,"column":71}}],"line":180}},"s":{"0":0,"1":0,"2":0,"3":0,"4":0,"5":0,"6":0,"7":0,"8":0,"9":0,"10":0,"11":0,"12":0,"13":0,"14":0,"15":0,"16":0,"17":0,"18":0,"19":0,"20":0,"21":0,"22":0,"23":0,"24":0,"25":0,"26":0,"27":0,"28":0,"29":0,"30":0,"31":0,"32":0,"33":0,"34":0,"35":0,"36":0,"37":0,"38":0,"39":0,"40":0,"41":0,"42":0,"43":0,"44":0,"45":0,"46":0,"47":0,"48":0,"49":0,"50":0,"51":0,"52":0,"53":0,"54":0,"55":0,"56":0,"57":0,"58":0,"59":0,"60":0,"61":0,"62":0,"63":0,"64":0,"65":0,"66":0,"67":0,"68":0,"69":0,"70":0,"71":0,"72":0,"73":0},"f":{"0":0,"1":0,"2":0,"3":0,"4":0,"5":0,"6":0},"b":{"0":[0,0],"1":[0,0],"2":[0,0],"3":[0,0],"4":[0,0],"5":[0,0],"6":[0,0],"7":[0,0],"8":[0,0],"9":[0,0],"10":[0,0],"11":[0,0],"12":[0,0],"13":[0,0],"14":[0,0],"15":[0,0,0]}}
,"C:\\Users\\RICHEY_SON\\Desktop\\smartcart-akedo\\src\\controllers\\TransactionController.js": {"path":"C:\\Users\\RICHEY_SON\\Desktop\\smartcart-akedo\\src\\controllers\\TransactionController.js","statementMap":{"0":{"start":{"line":1,"column":27},"end":{"line":1,"column":68}},"1":{"start":{"line":2,"column":25},"end":{"line":2,"column":62}},"2":{"start":{"line":3,"column":15},"end":{"line":3,"column":41}},"3":{"start":{"line":5,"column":27},"end":{"line":51,"column":2}},"4":{"start":{"line":6,"column":54},"end":{"line":6,"column":62}},"5":{"start":{"line":8,"column":2},"end":{"line":15,"column":3}},"6":{"start":{"line":9,"column":4},"end":{"line":14,"column":7}},"7":{"start":{"line":17,"column":2},"end":{"line":24,"column":3}},"8":{"start":{"line":18,"column":4},"end":{"line":23,"column":7}},"9":{"start":{"line":26,"column":2},"end":{"line":33,"column":3}},"10":{"start":{"line":27,"column":4},"end":{"line":32,"column":7}},"11":{"start":{"line":35,"column":2},"end":{"line":50,"column":3}},"12":{"start":{"line":36,"column":20},"end":{"line":41,"column":5}},"13":{"start":{"line":43,"column":4},"end":{"line":46,"column":7}},"14":{"start":{"line":48,"column":4},"end":{"line":48,"column":57}},"15":{"start":{"line":49,"column":4},"end":{"line":49,"column":16}},"16":{"start":{"line":53,"column":26},"end":{"line":101,"column":2}},"17":{"start":{"line":54,"column":63},"end":{"line":54,"column":71}},"18":{"start":{"line":56,"column":2},"end":{"line":63,"column":3}},"19":{"start":{"line":57,"column":4},"end":{"line":62,"column":7}},"20":{"start":{"line":65,"column":2},"end":{"line":72,"column":3}},"21":{"start":{"line":66,"column":4},"end":{"line":71,"column":7}},"22":{"start":{"line":74,"column":2},"end":{"line":81,"column":3}},"23":{"start":{"line":75,"column":4},"end":{"line":80,"column":7}},"24":{"start":{"line":83,"column":2},"end":{"line":100,"column":3}},"25":{"start":{"line":84,"column":24},"end":{"line":90,"column":5}},"26":{"start":{"line":92,"column":4},"end":{"line":96,"column":7}},"27":{"start":{"line":98,"column":4},"end":{"line":98,"column":55}},"28":{"start":{"line":99,"column":4},"end":{"line":99,"column":16}},"29":{"start":{"line":103,"column":27},"end":{"line":144,"column":2}},"30":{"start":{"line":104,"column":17},"end":{"line":104,"column":27}},"31":{"start":{"line":105,"column":30},"end":{"line":105,"column":38}},"32":{"start":{"line":107,"column":2},"end":{"line":114,"column":3}},"33":{"start":{"line":108,"column":4},"end":{"line":113,"column":7}},"34":{"start":{"line":116,"column":2},"end":{"line":143,"column":3}},"35":{"start":{"line":117,"column":24},"end":{"line":117,"column":89}},"36":{"start":{"line":119,"column":4},"end":{"line":123,"column":7}},"37":{"start":{"line":125,"column":4},"end":{"line":132,"column":5}},"38":{"start":{"line":126,"column":6},"end":{"line":131,"column":9}},"39":{"start":{"line":133,"column":4},"end":{"line":140,"column":5}},"40":{"start":{"line":134,"column":6},"end":{"line":139,"column":9}},"41":{"start":{"line":141,"column":4},"end":{"line":141,"column":62}},"42":{"start":{"line":142,"column":4},"end":{"line":142,"column":16}},"43":{"start":{"line":146,"column":26},"end":{"line":196,"column":2}},"44":{"start":{"line":147,"column":17},"end":{"line":147,"column":27}},"45":{"start":{"line":148,"column":30},"end":{"line":148,"column":38}},"46":{"start":{"line":150,"column":2},"end":{"line":157,"column":3}},"47":{"start":{"line":151,"column":4},"end":{"line":156,"column":7}},"48":{"start":{"line":159,"column":2},"end":{"line":166,"column":3}},"49":{"start":{"line":160,"column":4},"end":{"line":165,"column":7}},"50":{"start":{"line":168,"column":2},"end":{"line":195,"column":3}},"51":{"start":{"line":169,"column":24},"end":{"line":169,"column":88}},"52":{"start":{"line":171,"column":4},"end":{"line":175,"column":7}},"53":{"start":{"line":177,"column":4},"end":{"line":184,"column":5}},"54":{"start":{"line":178,"column":6},"end":{"line":183,"column":9}},"55":{"start":{"line":185,"column":4},"end":{"line":192,"column":5}},"56":{"start":{"line":186,"column":6},"end":{"line":191,"column":9}},"57":{"start":{"line":193,"column":4},"end":{"line":193,"column":62}},"58":{"start":{"line":194,"column":4},"end":{"line":194,"column":16}},"59":{"start":{"line":198,"column":31},"end":{"line":213,"column":2}},"60":{"start":{"line":199,"column":2},"end":{"line":212,"column":3}},"61":{"start":{"line":200,"column":20},"end":{"line":200,"column":63}},"62":{"start":{"line":202,"column":4},"end":{"line":208,"column":7}},"63":{"start":{"line":210,"column":4},"end":{"line":210,"column":63}},"64":{"start":{"line":211,"column":4},"end":{"line":211,"column":16}},"65":{"start":{"line":215,"column":30},"end":{"line":248,"column":2}},"66":{"start":{"line":216,"column":16},"end":{"line":216,"column":47}},"67":{"start":{"line":217,"column":17},"end":{"line":217,"column":48}},"68":{"start":{"line":219,"column":2},"end":{"line":226,"column":3}},"69":{"start":{"line":220,"column":4},"end":{"line":225,"column":7}},"70":{"start":{"line":228,"column":2},"end":{"line":235,"column":3}},"71":{"start":{"line":229,"column":4},"end":{"line":234,"column":7}},"72":{"start":{"line":237,"column":2},"end":{"line":247,"column":3}},"73":{"start":{"line":238,"column":20},"end":{"line":238,"column":75}},"74":{"start":{"line":240,"column":4},"end":{"line":243,"column":7}},"75":{"start":{"line":245,"column":4},"end":{"line":245,"column":62}},"76":{"start":{"line":246,"column":4},"end":{"line":246,"column":16}},"77":{"start":{"line":250,"column":23},"end":{"line":272,"column":2}},"78":{"start":{"line":251,"column":17},"end":{"line":251,"column":27}},"79":{"start":{"line":253,"column":2},"end":{"line":271,"column":3}},"80":{"start":{"line":254,"column":24},"end":{"line":254,"column":61}},"81":{"start":{"line":256,"column":4},"end":{"line":259,"column":7}},"82":{"start":{"line":261,"column":4},"end":{"line":268,"column":5}},"83":{"start":{"line":262,"column":6},"end":{"line":267,"column":9}},"84":{"start":{"line":269,"column":4},"end":{"line":269,"column":60}},"85":{"start":{"line":270,"column":4},"end":{"line":270,"column":16}},"86":{"start":{"line":274,"column":0},"end":{"line":282,"column":2}}},"fnMap":{"0":{"name":"(anonymous_0)","decl":{"start":{"line":5,"column":40},"end":{"line":5,"column":41}},"loc":{"start":{"line":5,"column":60},"end":{"line":51,"column":1}},"line":5},"1":{"name":"(anonymous_1)","decl":{"start":{"line":53,"column":39},"end":{"line":53,"column":40}},"loc":{"start":{"line":53,"column":59},"end":{"line":101,"column":1}},"line":53},"2":{"name":"(anonymous_2)","decl":{"start":{"line":103,"column":40},"end":{"line":103,"column":41}},"loc":{"start":{"line":103,"column":60},"end":{"line":144,"column":1}},"line":103},"3":{"name":"(anonymous_3)","decl":{"start":{"line":146,"column":39},"end":{"line":146,"column":40}},"loc":{"start":{"line":146,"column":59},"end":{"line":196,"column":1}},"line":146},"4":{"name":"(anonymous_4)","decl":{"start":{"line":198,"column":44},"end":{"line":198,"column":45}},"loc":{"start":{"line":198,"column":64},"end":{"line":213,"column":1}},"line":198},"5":{"name":"(anonymous_5)","decl":{"start":{"line":215,"column":43},"end":{"line":215,"column":44}},"loc":{"start":{"line":215,"column":63},"end":{"line":248,"column":1}},"line":215},"6":{"name":"(anonymous_6)","decl":{"start":{"line":250,"column":36},"end":{"line":250,"column":37}},"loc":{"start":{"line":250,"column":56},"end":{"line":272,"column":1}},"line":250}},"branchMap":{"0":{"loc":{"start":{"line":8,"column":2},"end":{"line":15,"column":3}},"type":"if","locations":[{"start":{"line":8,"column":2},"end":{"line":15,"column":3}},{"start":{},"end":{}}],"line":8},"1":{"loc":{"start":{"line":8,"column":6},"end":{"line":8,"column":49}},"type":"binary-expr","locations":[{"start":{"line":8,"column":6},"end":{"line":8,"column":27}},{"start":{"line":8,"column":31},"end":{"line":8,"column":49}}],"line":8},"2":{"loc":{"start":{"line":17,"column":2},"end":{"line":24,"column":3}},"type":"if","locations":[{"start":{"line":17,"column":2},"end":{"line":24,"column":3}},{"start":{},"end":{}}],"line":17},"3":{"loc":{"start":{"line":17,"column":6},"end":{"line":17,"column":54}},"type":"binary-expr","locations":[{"start":{"line":17,"column":6},"end":{"line":17,"column":36}},{"start":{"line":17,"column":40},"end":{"line":17,"column":54}}],"line":17},"4":{"loc":{"start":{"line":26,"column":2},"end":{"line":33,"column":3}},"type":"if","locations":[{"start":{"line":26,"column":2},"end":{"line":33,"column":3}},{"start":{},"end":{}}],"line":26},"5":{"loc":{"start":{"line":26,"column":6},"end":{"line":26,"column":43}},"type":"binary-expr","locations":[{"start":{"line":26,"column":6},"end":{"line":26,"column":13}},{"start":{"line":26,"column":17},"end":{"line":26,"column":43}}],"line":26},"6":{"loc":{"start":{"line":56,"column":2},"end":{"line":63,"column":3}},"type":"if","locations":[{"start":{"line":56,"column":2},"end":{"line":63,"column":3}},{"start":{},"end":{}}],"line":56},"7":{"loc":{"start":{"line":56,"column":6},"end":{"line":56,"column":49}},"type":"binary-expr","locations":[{"start":{"line":56,"column":6},"end":{"line":56,"column":27}},{"start":{"line":56,"column":31},"end":{"line":56,"column":49}}],"line":56},"8":{"loc":{"start":{"line":65,"column":2},"end":{"line":72,"column":3}},"type":"if","locations":[{"start":{"line":65,"column":2},"end":{"line":72,"column":3}},{"start":{},"end":{}}],"line":65},"9":{"loc":{"start":{"line":65,"column":6},"end":{"line":65,"column":54}},"type":"binary-expr","locations":[{"start":{"line":65,"column":6},"end":{"line":65,"column":36}},{"start":{"line":65,"column":40},"end":{"line":65,"column":54}}],"line":65},"10":{"loc":{"start":{"line":74,"column":2},"end":{"line":81,"column":3}},"type":"if","locations":[{"start":{"line":74,"column":2},"end":{"line":81,"column":3}},{"start":{},"end":{}}],"line":74},"11":{"loc":{"start":{"line":74,"column":6},"end":{"line":74,"column":43}},"type":"binary-expr","locations":[{"start":{"line":74,"column":6},"end":{"line":74,"column":13}},{"start":{"line":74,"column":17},"end":{"line":74,"column":43}}],"line":74},"12":{"loc":{"start":{"line":107,"column":2},"end":{"line":114,"column":3}},"type":"if","locations":[{"start":{"line":107,"column":2},"end":{"line":114,"column":3}},{"start":{},"end":{}}],"line":107},"13":{"loc":{"start":{"line":125,"column":4},"end":{"line":132,"column":5}},"type":"if","locations":[{"start":{"line":125,"column":4},"end":{"line":132,"column":5}},{"start":{},"end":{}}],"line":125},"14":{"loc":{"start":{"line":133,"column":4},"end":{"line":140,"column":5}},"type":"if","locations":[{"start":{"line":133,"column":4},"end":{"line":140,"column":5}},{"start":{},"end":{}}],"line":133},"15":{"loc":{"start":{"line":150,"column":2},"end":{"line":157,"column":3}},"type":"if","locations":[{"start":{"line":150,"column":2},"end":{"line":157,"column":3}},{"start":{},"end":{}}],"line":150},"16":{"loc":{"start":{"line":159,"column":2},"end":{"line":166,"column":3}},"type":"if","locations":[{"start":{"line":159,"column":2},"end":{"line":166,"column":3}},{"start":{},"end":{}}],"line":159},"17":{"loc":{"start":{"line":159,"column":6},"end":{"line":159,"column":73}},"type":"binary-expr","locations":[{"start":{"line":159,"column":6},"end":{"line":159,"column":13}},{"start":{"line":159,"column":17},"end":{"line":159,"column":43}},{"start":{"line":159,"column":47},"end":{"line":159,"column":73}}],"line":159},"18":{"loc":{"start":{"line":177,"column":4},"end":{"line":184,"column":5}},"type":"if","locations":[{"start":{"line":177,"column":4},"end":{"line":184,"column":5}},{"start":{},"end":{}}],"line":177},"19":{"loc":{"start":{"line":185,"column":4},"end":{"line":192,"column":5}},"type":"if","locations":[{"start":{"line":185,"column":4},"end":{"line":192,"column":5}},{"start":{},"end":{}}],"line":185},"20":{"loc":{"start":{"line":216,"column":16},"end":{"line":216,"column":47}},"type":"binary-expr","locations":[{"start":{"line":216,"column":16},"end":{"line":216,"column":41}},{"start":{"line":216,"column":45},"end":{"line":216,"column":47}}],"line":216},"21":{"loc":{"start":{"line":217,"column":17},"end":{"line":217,"column":48}},"type":"binary-expr","locations":[{"start":{"line":217,"column":17},"end":{"line":217,"column":43}},{"start":{"line":217,"column":47},"end":{"line":217,"column":48}}],"line":217},"22":{"loc":{"start":{"line":219,"column":2},"end":{"line":226,"column":3}},"type":"if","locations":[{"start":{"line":219,"column":2},"end":{"line":226,"column":3}},{"start":{},"end":{}}],"line":219},"23":{"loc":{"start":{"line":219,"column":6},"end":{"line":219,"column":31}},"type":"binary-expr","locations":[{"start":{"line":219,"column":6},"end":{"line":219,"column":15}},{"start":{"line":219,"column":19},"end":{"line":219,"column":31}}],"line":219},"24":{"loc":{"start":{"line":228,"column":2},"end":{"line":235,"column":3}},"type":"if","locations":[{"start":{"line":228,"column":2},"end":{"line":235,"column":3}},{"start":{},"end":{}}],"line":228},"25":{"loc":{"start":{"line":261,"column":4},"end":{"line":268,"column":5}},"type":"if","locations":[{"start":{"line":261,"column":4},"end":{"line":268,"column":5}},{"start":{},"end":{}}],"line":261}},"s":{"0":0,"1":0,"2":0,"3":0,"4":0,"5":0,"6":0,"7":0,"8":0,"9":0,"10":0,"11":0,"12":0,"13":0,"14":0,"15":0,"16":0,"17":0,"18":0,"19":0,"20":0,"21":0,"22":0,"23":0,"24":0,"25":0,"26":0,"27":0,"28":0,"29":0,"30":0,"31":0,"32":0,"33":0,"34":0,"35":0,"36":0,"37":0,"38":0,"39":0,"40":0,"41":0,"42":0,"43":0,"44":0,"45":0,"46":0,"47":0,"48":0,"49":0,"50":0,"51":0,"52":0,"53":0,"54":0,"55":0,"56":0,"57":0,"58":0,"59":0,"60":0,"61":0,"62":0,"63":0,"64":0,"65":0,"66":0,"67":0,"68":0,"69":0,"70":0,"71":0,"72":0,"73":0,"74":0,"75":0,"76":0,"77":0,"78":0,"79":0,"80":0,"81":0,"82":0,"83":0,"84":0,"85":0,"86":0},"f":{"0":0,"1":0,"2":0,"3":0,"4":0,"5":0,"6":0},"b":{"0":[0,0],"1":[0,0],"2":[0,0],"3":[0,0],"4":[0,0],"5":[0,0],"6":[0,0],"7":[0,0],"8":[0,0],"9":[0,0],"10":[0,0],"11":[0,0],"12":[0,0],"13":[0,0],"14":[0,0],"15":[0,0],"16":[0,0],"17":[0,0,0],"18":[0,0],"19":[0,0],"20":[0,0],"21":[0,0],"22":[0,0],"23":[0,0],"24":[0,0],"25":[0,0]}}
,"C:\\Users\\RICHEY_SON\\Desktop\\smartcart-akedo\\src\\middleware\\errorHandler.js": {"path":"C:\\Users\\RICHEY_SON\\Desktop\\smartcart-akedo\\src\\middleware\\errorHandler.js","statementMap":{"0":{"start":{"line":1,"column":15},"end":{"line":1,"column":41}},"1":{"start":{"line":3,"column":21},"end":{"line":7,"column":1}},"2":{"start":{"line":4,"column":2},"end":{"line":6,"column":4}},"3":{"start":{"line":5,"column":4},"end":{"line":5,"column":52}},"4":{"start":{"line":9,"column":22},"end":{"line":31,"column":1}},"5":{"start":{"line":10,"column":2},"end":{"line":12,"column":3}},"6":{"start":{"line":11,"column":4},"end":{"line":11,"column":28}},"7":{"start":{"line":14,"column":2},"end":{"line":16,"column":3}},"8":{"start":{"line":15,"column":4},"end":{"line":15,"column":15}},"9":{"start":{"line":18,"column":2},"end":{"line":20,"column":3}},"10":{"start":{"line":19,"column":4},"end":{"line":19,"column":15}},"11":{"start":{"line":22,"column":2},"end":{"line":24,"column":3}},"12":{"start":{"line":23,"column":4},"end":{"line":23,"column":15}},"13":{"start":{"line":26,"column":2},"end":{"line":28,"column":3}},"14":{"start":{"line":27,"column":4},"end":{"line":27,"column":15}},"15":{"start":{"line":30,"column":2},"end":{"line":30,"column":13}},"16":{"start":{"line":33,"column":21},"end":{"line":58,"column":1}},"17":{"start":{"line":34,"column":21},"end":{"line":34,"column":39}},"18":{"start":{"line":35,"column":24},"end":{"line":35,"column":62}},"19":{"start":{"line":37,"column":2},"end":{"line":43,"column":5}},"20":{"start":{"line":45,"column":24},"end":{"line":51,"column":3}},"21":{"start":{"line":53,"column":2},"end":{"line":55,"column":3}},"22":{"start":{"line":54,"column":4},"end":{"line":54,"column":58}},"23":{"start":{"line":57,"column":2},"end":{"line":57,"column":45}},"24":{"start":{"line":60,"column":24},"end":{"line":64,"column":1}},"25":{"start":{"line":61,"column":16},"end":{"line":61,"column":71}},"26":{"start":{"line":62,"column":2},"end":{"line":62,"column":25}},"27":{"start":{"line":63,"column":2},"end":{"line":63,"column":14}},"28":{"start":{"line":66,"column":0},"end":{"line":70,"column":2}}},"fnMap":{"0":{"name":"(anonymous_0)","decl":{"start":{"line":3,"column":21},"end":{"line":3,"column":22}},"loc":{"start":{"line":3,"column":29},"end":{"line":7,"column":1}},"line":3},"1":{"name":"(anonymous_1)","decl":{"start":{"line":4,"column":9},"end":{"line":4,"column":10}},"loc":{"start":{"line":4,"column":29},"end":{"line":6,"column":3}},"line":4},"2":{"name":"(anonymous_2)","decl":{"start":{"line":9,"column":22},"end":{"line":9,"column":23}},"loc":{"start":{"line":9,"column":33},"end":{"line":31,"column":1}},"line":9},"3":{"name":"(anonymous_3)","decl":{"start":{"line":33,"column":21},"end":{"line":33,"column":22}},"loc":{"start":{"line":33,"column":46},"end":{"line":58,"column":1}},"line":33},"4":{"name":"(anonymous_4)","decl":{"start":{"line":60,"column":24},"end":{"line":60,"column":25}},"loc":{"start":{"line":60,"column":44},"end":{"line":64,"column":1}},"line":60}},"branchMap":{"0":{"loc":{"start":{"line":10,"column":2},"end":{"line":12,"column":3}},"type":"if","locations":[{"start":{"line":10,"column":2},"end":{"line":12,"column":3}},{"start":{},"end":{}}],"line":10},"1":{"loc":{"start":{"line":14,"column":2},"end":{"line":16,"column":3}},"type":"if","locations":[{"start":{"line":14,"column":2},"end":{"line":16,"column":3}},{"start":{},"end":{}}],"line":14},"2":{"loc":{"start":{"line":14,"column":6},"end":{"line":14,"column":68}},"type":"binary-expr","locations":[{"start":{"line":14,"column":6},"end":{"line":14,"column":38}},{"start":{"line":14,"column":42},"end":{"line":14,"column":68}}],"line":14},"3":{"loc":{"start":{"line":18,"column":2},"end":{"line":20,"column":3}},"type":"if","locations":[{"start":{"line":18,"column":2},"end":{"line":20,"column":3}},{"start":{},"end":{}}],"line":18},"4":{"loc":{"start":{"line":18,"column":6},"end":{"line":18,"column":83}},"type":"binary-expr","locations":[{"start":{"line":18,"column":6},"end":{"line":18,"column":40}},{"start":{"line":18,"column":44},"end":{"line":18,"column":83}}],"line":18},"5":{"loc":{"start":{"line":22,"column":2},"end":{"line":24,"column":3}},"type":"if","locations":[{"start":{"line":22,"column":2},"end":{"line":24,"column":3}},{"start":{},"end":{}}],"line":22},"6":{"loc":{"start":{"line":26,"column":2},"end":{"line":28,"column":3}},"type":"if","locations":[{"start":{"line":26,"column":2},"end":{"line":28,"column":3}},{"start":{},"end":{}}],"line":26},"7":{"loc":{"start":{"line":39,"column":11},"end":{"line":39,"column":48}},"type":"cond-expr","locations":[{"start":{"line":39,"column":27},"end":{"line":39,"column":36}},{"start":{"line":39,"column":39},"end":{"line":39,"column":48}}],"line":39},"8":{"loc":{"start":{"line":48,"column":15},"end":{"line":48,"column":53}},"type":"binary-expr","locations":[{"start":{"line":48,"column":15},"end":{"line":48,"column":26}},{"start":{"line":48,"column":30},"end":{"line":48,"column":53}}],"line":48},"9":{"loc":{"start":{"line":49,"column":10},"end":{"line":49,"column":47}},"type":"binary-expr","locations":[{"start":{"line":49,"column":10},"end":{"line":49,"column":23}},{"start":{"line":49,"column":27},"end":{"line":49,"column":47}}],"line":49},"10":{"loc":{"start":{"line":53,"column":2},"end":{"line":55,"column":3}},"type":"if","locations":[{"start":{"line":53,"column":2},"end":{"line":55,"column":3}},{"start":{},"end":{}}],"line":53},"11":{"loc":{"start":{"line":53,"column":6},"end":{"line":53,"column":42}},"type":"binary-expr","locations":[{"start":{"line":53,"column":6},"end":{"line":53,"column":24}},{"start":{"line":53,"column":28},"end":{"line":53,"column":42}}],"line":53}},"s":{"0":2,"1":2,"2":9,"3":17,"4":2,"5":3,"6":0,"7":3,"8":0,"9":3,"10":0,"11":3,"12":0,"13":3,"14":3,"15":0,"16":2,"17":3,"18":3,"19":3,"20":3,"21":3,"22":0,"23":3,"24":2,"25":0,"26":0,"27":0,"28":2},"f":{"0":9,"1":17,"2":3,"3":3,"4":0},"b":{"0":[0,3],"1":[0,3],"2":[3,3],"3":[0,3],"4":[3,3],"5":[0,3],"6":[3,0],"7":[0,3],"8":[3,0],"9":[3,0],"10":[0,3],"11":[3,0]},"_coverageSchema":"1a1c01bbd47fc00a2c39e90264f33305004495a9","hash":"f2df7eaa82f654b91694551ce849e97f43d95d84"}
,"C:\\Users\\RICHEY_SON\\Desktop\\smartcart-akedo\\src\\middleware\\rateLimiter.js": {"path":"C:\\Users\\RICHEY_SON\\Desktop\\smartcart-akedo\\src\\middleware\\rateLimiter.js","statementMap":{"0":{"start":{"line":1,"column":18},"end":{"line":1,"column":47}},"1":{"start":{"line":2,"column":15},"end":{"line":2,"column":41}},"2":{"start":{"line":4,"column":26},"end":{"line":26,"column":1}},"3":{"start":{"line":5,"column":2},"end":{"line":25,"column":5}},"4":{"start":{"line":17,"column":6},"end":{"line":17,"column":59}},"5":{"start":{"line":18,"column":6},"end":{"line":23,"column":9}},"6":{"start":{"line":28,"column":23},"end":{"line":31,"column":1}},"7":{"start":{"line":33,"column":0},"end":{"line":36,"column":2}}},"fnMap":{"0":{"name":"(anonymous_0)","decl":{"start":{"line":4,"column":26},"end":{"line":4,"column":27}},"loc":{"start":{"line":4,"column":68},"end":{"line":26,"column":1}},"line":4},"1":{"name":"(anonymous_1)","decl":{"start":{"line":16,"column":13},"end":{"line":16,"column":14}},"loc":{"start":{"line":16,"column":27},"end":{"line":24,"column":5}},"line":16}},"branchMap":{"0":{"loc":{"start":{"line":4,"column":27},"end":{"line":4,"column":52}},"type":"default-arg","locations":[{"start":{"line":4,"column":38},"end":{"line":4,"column":52}}],"line":4},"1":{"loc":{"start":{"line":4,"column":54},"end":{"line":4,"column":63}},"type":"default-arg","locations":[{"start":{"line":4,"column":60},"end":{"line":4,"column":63}}],"line":4},"2":{"loc":{"start":{"line":29,"column":2},"end":{"line":29,"column":62}},"type":"binary-expr","locations":[{"start":{"line":29,"column":2},"end":{"line":29,"column":44}},{"start":{"line":29,"column":48},"end":{"line":29,"column":62}}],"line":29},"3":{"loc":{"start":{"line":30,"column":2},"end":{"line":30,"column":45}},"type":"binary-expr","locations":[{"start":{"line":30,"column":2},"end":{"line":30,"column":38}},{"start":{"line":30,"column":42},"end":{"line":30,"column":45}}],"line":30}},"s":{"0":0,"1":0,"2":0,"3":0,"4":0,"5":0,"6":0,"7":0},"f":{"0":0,"1":0},"b":{"0":[0],"1":[0],"2":[0,0],"3":[0,0]}}
,"C:\\Users\\RICHEY_SON\\Desktop\\smartcart-akedo\\src\\middleware\\validation.js": {"path":"C:\\Users\\RICHEY_SON\\Desktop\\smartcart-akedo\\src\\middleware\\validation.js","statementMap":{"0":{"start":{"line":1,"column":15},"end":{"line":1,"column":41}},"1":{"start":{"line":3,"column":25},"end":{"line":16,"column":1}},"2":{"start":{"line":4,"column":18},"end":{"line":4,"column":20}},"3":{"start":{"line":5,"column":2},"end":{"line":9,"column":3}},"4":{"start":{"line":6,"column":4},"end":{"line":8,"column":5}},"5":{"start":{"line":7,"column":6},"end":{"line":7,"column":26}},"6":{"start":{"line":10,"column":2},"end":{"line":15,"column":3}},"7":{"start":{"line":11,"column":18},"end":{"line":11,"column":77}},"8":{"start":{"line":12,"column":4},"end":{"line":12,"column":27}},"9":{"start":{"line":13,"column":4},"end":{"line":13,"column":35}},"10":{"start":{"line":14,"column":4},"end":{"line":14,"column":16}},"11":{"start":{"line":18,"column":21},"end":{"line":26,"column":1}},"12":{"start":{"line":19,"column":21},"end":{"line":19,"column":33}},"13":{"start":{"line":20,"column":2},"end":{"line":25,"column":3}},"14":{"start":{"line":21,"column":18},"end":{"line":21,"column":105}},"15":{"start":{"line":22,"column":4},"end":{"line":22,"column":27}},"16":{"start":{"line":23,"column":4},"end":{"line":23,"column":35}},"17":{"start":{"line":24,"column":4},"end":{"line":24,"column":16}},"18":{"start":{"line":28,"column":23},"end":{"line":47,"column":1}},"19":{"start":{"line":29,"column":2},"end":{"line":34,"column":3}},"20":{"start":{"line":30,"column":18},"end":{"line":30,"column":60}},"21":{"start":{"line":31,"column":4},"end":{"line":31,"column":27}},"22":{"start":{"line":32,"column":4},"end":{"line":32,"column":35}},"23":{"start":{"line":33,"column":4},"end":{"line":33,"column":16}},"24":{"start":{"line":35,"column":2},"end":{"line":40,"column":3}},"25":{"start":{"line":36,"column":18},"end":{"line":36,"column":84}},"26":{"start":{"line":37,"column":4},"end":{"line":37,"column":27}},"27":{"start":{"line":38,"column":4},"end":{"line":38,"column":35}},"28":{"start":{"line":39,"column":4},"end":{"line":39,"column":16}},"29":{"start":{"line":41,"column":2},"end":{"line":46,"column":3}},"30":{"start":{"line":42,"column":18},"end":{"line":42,"column":83}},"31":{"start":{"line":43,"column":4},"end":{"line":43,"column":27}},"32":{"start":{"line":44,"column":4},"end":{"line":44,"column":35}},"33":{"start":{"line":45,"column":4},"end":{"line":45,"column":16}},"34":{"start":{"line":49,"column":23},"end":{"line":68,"column":1}},"35":{"start":{"line":50,"column":2},"end":{"line":55,"column":3}},"36":{"start":{"line":51,"column":18},"end":{"line":51,"column":66}},"37":{"start":{"line":52,"column":4},"end":{"line":52,"column":27}},"38":{"start":{"line":53,"column":4},"end":{"line":53,"column":35}},"39":{"start":{"line":54,"column":4},"end":{"line":54,"column":16}},"40":{"start":{"line":56,"column":2},"end":{"line":61,"column":3}},"41":{"start":{"line":57,"column":18},"end":{"line":57,"column":67}},"42":{"start":{"line":58,"column":4},"end":{"line":58,"column":27}},"43":{"start":{"line":59,"column":4},"end":{"line":59,"column":35}},"44":{"start":{"line":60,"column":4},"end":{"line":60,"column":16}},"45":{"start":{"line":62,"column":2},"end":{"line":67,"column":3}},"46":{"start":{"line":63,"column":18},"end":{"line":63,"column":66}},"47":{"start":{"line":64,"column":4},"end":{"line":64,"column":27}},"48":{"start":{"line":65,"column":4},"end":{"line":65,"column":35}},"49":{"start":{"line":66,"column":4},"end":{"line":66,"column":16}},"50":{"start":{"line":70,"column":22},"end":{"line":78,"column":1}},"51":{"start":{"line":71,"column":21},"end":{"line":71,"column":49}},"52":{"start":{"line":72,"column":2},"end":{"line":77,"column":3}},"53":{"start":{"line":73,"column":18},"end":{"line":73,"column":58}},"54":{"start":{"line":74,"column":4},"end":{"line":74,"column":27}},"55":{"start":{"line":75,"column":4},"end":{"line":75,"column":35}},"56":{"start":{"line":76,"column":4},"end":{"line":76,"column":16}},"57":{"start":{"line":80,"column":23},"end":{"line":83,"column":1}},"58":{"start":{"line":81,"column":2},"end":{"line":81,"column":42}},"59":{"start":{"line":81,"column":31},"end":{"line":81,"column":42}},"60":{"start":{"line":82,"column":2},"end":{"line":82,"column":41}},"61":{"start":{"line":85,"column":23},"end":{"line":100,"column":1}},"62":{"start":{"line":86,"column":2},"end":{"line":86,"column":58}},"63":{"start":{"line":86,"column":47},"end":{"line":86,"column":58}},"64":{"start":{"line":87,"column":20},"end":{"line":87,"column":22}},"65":{"start":{"line":88,"column":2},"end":{"line":98,"column":3}},"66":{"start":{"line":89,"column":4},"end":{"line":97,"column":5}},"67":{"start":{"line":90,"column":6},"end":{"line":96,"column":7}},"68":{"start":{"line":91,"column":8},"end":{"line":91,"column":50}},"69":{"start":{"line":92,"column":13},"end":{"line":96,"column":7}},"70":{"start":{"line":93,"column":8},"end":{"line":93,"column":50}},"71":{"start":{"line":95,"column":8},"end":{"line":95,"column":34}},"72":{"start":{"line":99,"column":2},"end":{"line":99,"column":19}},"73":{"start":{"line":102,"column":24},"end":{"line":159,"column":1}},"74":{"start":{"line":103,"column":2},"end":{"line":158,"column":4}},"75":{"start":{"line":104,"column":4},"end":{"line":157,"column":5}},"76":{"start":{"line":105,"column":6},"end":{"line":138,"column":7}},"77":{"start":{"line":106,"column":8},"end":{"line":106,"column":44}},"78":{"start":{"line":107,"column":8},"end":{"line":109,"column":9}},"79":{"start":{"line":108,"column":10},"end":{"line":108,"column":59}},"80":{"start":{"line":110,"column":8},"end":{"line":137,"column":9}},"81":{"start":{"line":111,"column":10},"end":{"line":136,"column":11}},"82":{"start":{"line":112,"column":12},"end":{"line":135,"column":13}},"83":{"start":{"line":113,"column":14},"end":{"line":115,"column":15}},"84":{"start":{"line":114,"column":16},"end":{"line":114,"column":79}},"85":{"start":{"line":116,"column":14},"end":{"line":123,"column":15}},"86":{"start":{"line":117,"column":16},"end":{"line":122,"column":18}},"87":{"start":{"line":124,"column":14},"end":{"line":131,"column":15}},"88":{"start":{"line":125,"column":16},"end":{"line":130,"column":18}},"89":{"start":{"line":132,"column":14},"end":{"line":134,"column":15}},"90":{"start":{"line":133,"column":16},"end":{"line":133,"column":62}},"91":{"start":{"line":140,"column":6},"end":{"line":145,"column":7}},"92":{"start":{"line":141,"column":8},"end":{"line":141,"column":46}},"93":{"start":{"line":142,"column":8},"end":{"line":144,"column":9}},"94":{"start":{"line":143,"column":10},"end":{"line":143,"column":61}},"95":{"start":{"line":147,"column":6},"end":{"line":152,"column":7}},"96":{"start":{"line":148,"column":8},"end":{"line":148,"column":48}},"97":{"start":{"line":149,"column":8},"end":{"line":151,"column":9}},"98":{"start":{"line":150,"column":10},"end":{"line":150,"column":63}},"99":{"start":{"line":154,"column":6},"end":{"line":154,"column":13}},"100":{"start":{"line":156,"column":6},"end":{"line":156,"column":18}},"101":{"start":{"line":161,"column":0},"end":{"line":170,"column":2}}},"fnMap":{"0":{"name":"(anonymous_0)","decl":{"start":{"line":3,"column":25},"end":{"line":3,"column":26}},"loc":{"start":{"line":3,"column":43},"end":{"line":16,"column":1}},"line":3},"1":{"name":"(anonymous_1)","decl":{"start":{"line":18,"column":21},"end":{"line":18,"column":22}},"loc":{"start":{"line":18,"column":57},"end":{"line":26,"column":1}},"line":18},"2":{"name":"(anonymous_2)","decl":{"start":{"line":28,"column":23},"end":{"line":28,"column":24}},"loc":{"start":{"line":28,"column":82},"end":{"line":47,"column":1}},"line":28},"3":{"name":"(anonymous_3)","decl":{"start":{"line":49,"column":23},"end":{"line":49,"column":24}},"loc":{"start":{"line":49,"column":78},"end":{"line":68,"column":1}},"line":49},"4":{"name":"(anonymous_4)","decl":{"start":{"line":70,"column":22},"end":{"line":70,"column":23}},"loc":{"start":{"line":70,"column":54},"end":{"line":78,"column":1}},"line":70},"5":{"name":"(anonymous_5)","decl":{"start":{"line":80,"column":23},"end":{"line":80,"column":24}},"loc":{"start":{"line":80,"column":32},"end":{"line":83,"column":1}},"line":80},"6":{"name":"(anonymous_6)","decl":{"start":{"line":85,"column":23},"end":{"line":85,"column":24}},"loc":{"start":{"line":85,"column":32},"end":{"line":100,"column":1}},"line":85},"7":{"name":"(anonymous_7)","decl":{"start":{"line":102,"column":24},"end":{"line":102,"column":25}},"loc":{"start":{"line":102,"column":36},"end":{"line":159,"column":1}},"line":102},"8":{"name":"(anonymous_8)","decl":{"start":{"line":103,"column":9},"end":{"line":103,"column":10}},"loc":{"start":{"line":103,"column":29},"end":{"line":158,"column":3}},"line":103}},"branchMap":{"0":{"loc":{"start":{"line":6,"column":4},"end":{"line":8,"column":5}},"type":"if","locations":[{"start":{"line":6,"column":4},"end":{"line":8,"column":5}},{"start":{},"end":{}}],"line":6},"1":{"loc":{"start":{"line":6,"column":8},"end":{"line":6,"column":79}},"type":"binary-expr","locations":[{"start":{"line":6,"column":8},"end":{"line":6,"column":33}},{"start":{"line":6,"column":37},"end":{"line":6,"column":57}},{"start":{"line":6,"column":61},"end":{"line":6,"column":79}}],"line":6},"2":{"loc":{"start":{"line":10,"column":2},"end":{"line":15,"column":3}},"type":"if","locations":[{"start":{"line":10,"column":2},"end":{"line":15,"column":3}},{"start":{},"end":{}}],"line":10},"3":{"loc":{"start":{"line":20,"column":2},"end":{"line":25,"column":3}},"type":"if","locations":[{"start":{"line":20,"column":2},"end":{"line":25,"column":3}},{"start":{},"end":{}}],"line":20},"4":{"loc":{"start":{"line":28,"column":42},"end":{"line":28,"column":55}},"type":"default-arg","locations":[{"start":{"line":28,"column":54},"end":{"line":28,"column":55}}],"line":28},"5":{"loc":{"start":{"line":28,"column":57},"end":{"line":28,"column":77}},"type":"default-arg","locations":[{"start":{"line":28,"column":69},"end":{"line":28,"column":77}}],"line":28},"6":{"loc":{"start":{"line":29,"column":2},"end":{"line":34,"column":3}},"type":"if","locations":[{"start":{"line":29,"column":2},"end":{"line":34,"column":3}},{"start":{},"end":{}}],"line":29},"7":{"loc":{"start":{"line":35,"column":2},"end":{"line":40,"column":3}},"type":"if","locations":[{"start":{"line":35,"column":2},"end":{"line":40,"column":3}},{"start":{},"end":{}}],"line":35},"8":{"loc":{"start":{"line":41,"column":2},"end":{"line":46,"column":3}},"type":"if","locations":[{"start":{"line":41,"column":2},"end":{"line":46,"column":3}},{"start":{},"end":{}}],"line":41},"9":{"loc":{"start":{"line":49,"column":42},"end":{"line":49,"column":57}},"type":"default-arg","locations":[{"start":{"line":49,"column":48},"end":{"line":49,"column":57}}],"line":49},"10":{"loc":{"start":{"line":49,"column":59},"end":{"line":49,"column":73}},"type":"default-arg","locations":[{"start":{"line":49,"column":65},"end":{"line":49,"column":73}}],"line":49},"11":{"loc":{"start":{"line":50,"column":2},"end":{"line":55,"column":3}},"type":"if","locations":[{"start":{"line":50,"column":2},"end":{"line":55,"column":3}},{"start":{},"end":{}}],"line":50},"12":{"loc":{"start":{"line":50,"column":6},"end":{"line":50,"column":47}},"type":"binary-expr","locations":[{"start":{"line":50,"column":6},"end":{"line":50,"column":31}},{"start":{"line":50,"column":35},"end":{"line":50,"column":47}}],"line":50},"13":{"loc":{"start":{"line":56,"column":2},"end":{"line":61,"column":3}},"type":"if","locations":[{"start":{"line":56,"column":2},"end":{"line":61,"column":3}},{"start":{},"end":{}}],"line":56},"14":{"loc":{"start":{"line":62,"column":2},"end":{"line":67,"column":3}},"type":"if","locations":[{"start":{"line":62,"column":2},"end":{"line":67,"column":3}},{"start":{},"end":{}}],"line":62},"15":{"loc":{"start":{"line":70,"column":30},"end":{"line":70,"column":49}},"type":"default-arg","locations":[{"start":{"line":70,"column":42},"end":{"line":70,"column":49}}],"line":70},"16":{"loc":{"start":{"line":72,"column":2},"end":{"line":77,"column":3}},"type":"if","locations":[{"start":{"line":72,"column":2},"end":{"line":77,"column":3}},{"start":{},"end":{}}],"line":72},"17":{"loc":{"start":{"line":81,"column":2},"end":{"line":81,"column":42}},"type":"if","locations":[{"start":{"line":81,"column":2},"end":{"line":81,"column":42}},{"start":{},"end":{}}],"line":81},"18":{"loc":{"start":{"line":86,"column":2},"end":{"line":86,"column":58}},"type":"if","locations":[{"start":{"line":86,"column":2},"end":{"line":86,"column":58}},{"start":{},"end":{}}],"line":86},"19":{"loc":{"start":{"line":86,"column":6},"end":{"line":86,"column":45}},"type":"binary-expr","locations":[{"start":{"line":86,"column":6},"end":{"line":86,"column":29}},{"start":{"line":86,"column":33},"end":{"line":86,"column":45}}],"line":86},"20":{"loc":{"start":{"line":89,"column":4},"end":{"line":97,"column":5}},"type":"if","locations":[{"start":{"line":89,"column":4},"end":{"line":97,"column":5}},{"start":{},"end":{}}],"line":89},"21":{"loc":{"start":{"line":90,"column":6},"end":{"line":96,"column":7}},"type":"if","locations":[{"start":{"line":90,"column":6},"end":{"line":96,"column":7}},{"start":{"line":92,"column":13},"end":{"line":96,"column":7}}],"line":90},"22":{"loc":{"start":{"line":92,"column":13},"end":{"line":96,"column":7}},"type":"if","locations":[{"start":{"line":92,"column":13},"end":{"line":96,"column":7}},{"start":{"line":94,"column":13},"end":{"line":96,"column":7}}],"line":92},"23":{"loc":{"start":{"line":92,"column":17},"end":{"line":92,"column":73}},"type":"binary-expr","locations":[{"start":{"line":92,"column":17},"end":{"line":92,"column":45}},{"start":{"line":92,"column":49},"end":{"line":92,"column":73}}],"line":92},"24":{"loc":{"start":{"line":105,"column":6},"end":{"line":138,"column":7}},"type":"if","locations":[{"start":{"line":105,"column":6},"end":{"line":138,"column":7}},{"start":{},"end":{}}],"line":105},"25":{"loc":{"start":{"line":107,"column":8},"end":{"line":109,"column":9}},"type":"if","locations":[{"start":{"line":107,"column":8},"end":{"line":109,"column":9}},{"start":{},"end":{}}],"line":107},"26":{"loc":{"start":{"line":110,"column":8},"end":{"line":137,"column":9}},"type":"if","locations":[{"start":{"line":110,"column":8},"end":{"line":137,"column":9}},{"start":{},"end":{}}],"line":110},"27":{"loc":{"start":{"line":112,"column":12},"end":{"line":135,"column":13}},"type":"if","locations":[{"start":{"line":112,"column":12},"end":{"line":135,"column":13}},{"start":{},"end":{}}],"line":112},"28":{"loc":{"start":{"line":113,"column":14},"end":{"line":115,"column":15}},"type":"if","locations":[{"start":{"line":113,"column":14},"end":{"line":115,"column":15}},{"start":{},"end":{}}],"line":113},"29":{"loc":{"start":{"line":116,"column":14},"end":{"line":123,"column":15}},"type":"if","locations":[{"start":{"line":116,"column":14},"end":{"line":123,"column":15}},{"start":{},"end":{}}],"line":116},"30":{"loc":{"start":{"line":124,"column":14},"end":{"line":131,"column":15}},"type":"if","locations":[{"start":{"line":124,"column":14},"end":{"line":131,"column":15}},{"start":{},"end":{}}],"line":124},"31":{"loc":{"start":{"line":132,"column":14},"end":{"line":134,"column":15}},"type":"if","locations":[{"start":{"line":132,"column":14},"end":{"line":134,"column":15}},{"start":{},"end":{}}],"line":132},"32":{"loc":{"start":{"line":140,"column":6},"end":{"line":145,"column":7}},"type":"if","locations":[{"start":{"line":140,"column":6},"end":{"line":145
[...]
:58,"column":69},"end":{"line":58,"column":70}}],"line":58},"16":{"loc":{"start":{"line":62,"column":57},"end":{"line":62,"column":70}},"type":"default-arg","locations":[{"start":{"line":62,"column":66},"end":{"line":62,"column":70}}],"line":62},"17":{"loc":{"start":{"line":62,"column":72},"end":{"line":62,"column":90}},"type":"default-arg","locations":[{"start":{"line":62,"column":86},"end":{"line":62,"column":90}}],"line":62},"18":{"loc":{"start":{"line":63,"column":4},"end":{"line":65,"column":5}},"type":"if","locations":[{"start":{"line":63,"column":4},"end":{"line":65,"column":5}},{"start":{},"end":{}}],"line":63},"19":{"loc":{"start":{"line":63,"column":8},"end":{"line":63,"column":59}},"type":"binary-expr","locations":[{"start":{"line":63,"column":8},"end":{"line":63,"column":33}},{"start":{"line":63,"column":37},"end":{"line":63,"column":59}}],"line":63},"20":{"loc":{"start":{"line":67,"column":4},"end":{"line":69,"column":5}},"type":"if","locations":[{"start":{"line":67,"column":4},"end":{"line":69,"column":5}},{"start":{},"end":{}}],"line":67},"21":{"loc":{"start":{"line":67,"column":8},"end":{"line":67,"column":54}},"type":"binary-expr","locations":[{"start":{"line":67,"column":8},"end":{"line":67,"column":37}},{"start":{"line":67,"column":41},"end":{"line":67,"column":54}}],"line":67},"22":{"loc":{"start":{"line":71,"column":4},"end":{"line":73,"column":5}},"type":"if","locations":[{"start":{"line":71,"column":4},"end":{"line":73,"column":5}},{"start":{},"end":{}}],"line":71},"23":{"loc":{"start":{"line":71,"column":8},"end":{"line":71,"column":45}},"type":"binary-expr","locations":[{"start":{"line":71,"column":8},"end":{"line":71,"column":15}},{"start":{"line":71,"column":19},"end":{"line":71,"column":45}}],"line":71},"24":{"loc":{"start":{"line":80,"column":18},"end":{"line":80,"column":36}},"type":"binary-expr","locations":[{"start":{"line":80,"column":18},"end":{"line":80,"column":31}},{"start":{"line":80,"column":35},"end":{"line":80,"column":36}}],"line":80},"25":{"loc":{"start":{"line":81,"column":20},"end":{"line":81,"column":54}},"type":"binary-expr","locations":[{"start":{"line":81,"column":20},"end":{"line":81,"column":35}},{"start":{"line":81,"column":39},"end":{"line":81,"column":49}},{"start":{"line":81,"column":53},"end":{"line":81,"column":54}}],"line":81},"26":{"loc":{"start":{"line":82,"column":18},"end":{"line":82,"column":42}},"type":"binary-expr","locations":[{"start":{"line":82,"column":18},"end":{"line":82,"column":31}},{"start":{"line":82,"column":35},"end":{"line":82,"column":42}}],"line":82},"27":{"loc":{"start":{"line":114,"column":51},"end":{"line":114,"column":64}},"type":"default-arg","locations":[{"start":{"line":114,"column":60},"end":{"line":114,"column":64}}],"line":114},"28":{"loc":{"start":{"line":115,"column":4},"end":{"line":117,"column":5}},"type":"if","locations":[{"start":{"line":115,"column":4},"end":{"line":117,"column":5}},{"start":{},"end":{}}],"line":115},"29":{"loc":{"start":{"line":121,"column":4},"end":{"line":123,"column":5}},"type":"if","locations":[{"start":{"line":121,"column":4},"end":{"line":123,"column":5}},{"start":{},"end":{}}],"line":121},"30":{"loc":{"start":{"line":152,"column":4},"end":{"line":154,"column":5}},"type":"if","locations":[{"start":{"line":152,"column":4},"end":{"line":154,"column":5}},{"start":{},"end":{}}],"line":152},"31":{"loc":{"start":{"line":158,"column":4},"end":{"line":160,"column":5}},"type":"if","locations":[{"start":{"line":158,"column":4},"end":{"line":160,"column":5}},{"start":{},"end":{}}],"line":158},"32":{"loc":{"start":{"line":162,"column":4},"end":{"line":164,"column":5}},"type":"if","locations":[{"start":{"line":162,"column":4},"end":{"line":164,"column":5}},{"start":{},"end":{}}],"line":162},"33":{"loc":{"start":{"line":162,"column":8},"end":{"line":162,"column":75}},"type":"binary-expr","locations":[{"start":{"line":162,"column":8},"end":{"line":162,"column":15}},{"start":{"line":162,"column":19},"end":{"line":162,"column":45}},{"start":{"line":162,"column":49},"end":{"line":162,"column":75}}],"line":162},"34":{"loc":{"start":{"line":193,"column":4},"end":{"line":195,"column":5}},"type":"if","locations":[{"start":{"line":193,"column":4},"end":{"line":195,"column":5}},{"start":{},"end":{}}],"line":193},"35":{"loc":{"start":{"line":199,"column":4},"end":{"line":201,"column":5}},"type":"if","locations":[{"start":{"line":199,"column":4},"end":{"line":201,"column":5}},{"start":{},"end":{}}],"line":199},"36":{"loc":{"start":{"line":231,"column":24},"end":{"line":231,"column":34}},"type":"default-arg","locations":[{"start":{"line":231,"column":32},"end":{"line":231,"column":34}}],"line":231},"37":{"loc":{"start":{"line":231,"column":36},"end":{"line":231,"column":46}},"type":"default-arg","locations":[{"start":{"line":231,"column":45},"end":{"line":231,"column":46}}],"line":231},"38":{"loc":{"start":{"line":244,"column":4},"end":{"line":246,"column":5}},"type":"if","locations":[{"start":{"line":244,"column":4},"end":{"line":246,"column":5}},{"start":{},"end":{}}],"line":244},"39":{"loc":{"start":{"line":256,"column":6},"end":{"line":256,"column":26}},"type":"default-arg","locations":[{"start":{"line":256,"column":15},"end":{"line":256,"column":26}}],"line":256},"40":{"loc":{"start":{"line":262,"column":13},"end":{"line":262,"column":24}},"type":"binary-expr","locations":[{"start":{"line":262,"column":13},"end":{"line":262,"column":18}},{"start":{"line":262,"column":22},"end":{"line":262,"column":24}}],"line":262},"41":{"loc":{"start":{"line":263,"column":18},"end":{"line":263,"column":33}},"type":"binary-expr","locations":[{"start":{"line":263,"column":18},"end":{"line":263,"column":28}},{"start":{"line":263,"column":32},"end":{"line":263,"column":33}}],"line":263},"42":{"loc":{"start":{"line":264,"column":14},"end":{"line":264,"column":33}},"type":"binary-expr","locations":[{"start":{"line":264,"column":14},"end":{"line":264,"column":20}},{"start":{"line":264,"column":24},"end":{"line":264,"column":33}}],"line":264},"43":{"loc":{"start":{"line":267,"column":19},"end":{"line":267,"column":75}},"type":"cond-expr","locations":[{"start":{"line":267,"column":44},"end":{"line":267,"column":68}},{"start":{"line":267,"column":71},"end":{"line":267,"column":75}}],"line":267},"44":{"loc":{"start":{"line":288,"column":51},"end":{"line":288,"column":69}},"type":"default-arg","locations":[{"start":{"line":288,"column":65},"end":{"line":288,"column":69}}],"line":288},"45":{"loc":{"start":{"line":313,"column":4},"end":{"line":316,"column":5}},"type":"if","locations":[{"start":{"line":313,"column":4},"end":{"line":316,"column":5}},{"start":{},"end":{}}],"line":313},"46":{"loc":{"start":{"line":318,"column":4},"end":{"line":321,"column":5}},"type":"if","locations":[{"start":{"line":318,"column":4},"end":{"line":321,"column":5}},{"start":{},"end":{}}],"line":318},"47":{"loc":{"start":{"line":323,"column":4},"end":{"line":326,"column":5}},"type":"if","locations":[{"start":{"line":323,"column":4},"end":{"line":326,"column":5}},{"start":{},"end":{}}],"line":323},"48":{"loc":{"start":{"line":328,"column":4},"end":{"line":330,"column":5}},"type":"if","locations":[{"start":{"line":328,"column":4},"end":{"line":330,"column":5}},{"start":{},"end":{}}],"line":328},"49":{"loc":{"start":{"line":332,"column":4},"end":{"line":335,"column":5}},"type":"if","locations":[{"start":{"line":332,"column":4},"end":{"line":335,"column":5}},{"start":{},"end":{}}],"line":332},"50":{"loc":{"start":{"line":337,"column":11},"end":{"line":337,"column":84}},"type":"cond-expr","locations":[{"start":{"line":337,"column":40},"end":{"line":337,"column":55}},{"start":{"line":337,"column":58},"end":{"line":337,"column":84}}],"line":337}},"s":{"0":0,"1":0,"2":0,"3":0,"4":0,"5":0,"6":0,"7":0,"8":0,"9":0,"10":0,"11":0,"12":0,"13":0,"14":0,"15":0,"16":0,"17":0,"18":0,"19":0,"20":0,"21":0,"22":0,"23":0,"24":0,"25":0,"26":0,"27":0,"28":0,"29":0,"30":0,"31":0,"32":0,"33":0,"34":0,"35":0,"36":0,"37":0,"38":0,"39":0,"40":0,"41":0,"42":0,"43":0,"44":0,"45":0,"46":0,"47":0,"48":0,"49":0,"50":0,"51":0,"52":0,"53":0,"54":0,"55":0,"56":0,"57":0,"58":0,"59":0,"60":0,"61":0,"62":0,"63":0,"64":0,"65":0,"66":0,"67":0,"68":0,"69":0,"70":0,"71":0,"72":0,"73":0,"74":0,"75":0,"76":0,"77":0,"78":0,"79":0,"80":0,"81":0,"82":0,"83":0,"84":0,"85":0,"86":0,"87":0,"88":0,"89":0,"90":0,"91":0,"92":0,"93":0,"94":0,"95":0,"96":0,"97":0,"98":0,"99":0,"100":0,"101":0,"102":0,"103":0,"104":0,"105":0,"106":0,"107":0,"108":0,"109":0,"110":0,"111":0,"112":0,"113":0,"114":0,"115":0,"116":0,"117":0,"118":0,"119":0,"120":0,"121":0,"122":0,"123":0,"124":0,"125":0,"126":0,"127":0,"128":0,"129":0},"f":{"0":0,"1":0,"2":0,"3":0,"4":0,"5":0,"6":0,"7":0,"8":0,"9":0,"10":0,"11":0,"12":0,"13":0,"14":0,"15":0,"16":0,"17":0,"18":0,"19":0,"20":0,"21":0},"b":{"0":[0,0],"1":[0,0],"2":[0,0],"3":[0,0],"4":[0,0],"5":[0,0],"6":[0,0],"7":[0,0],"8":[0,0],"9":[0,0],"10":[0,0],"11":[0,0],"12":[0,0],"13":[0,0],"14":[0,0],"15":[0,0],"16":[0],"17":[0],"18":[0,0],"19":[0,0],"20":[0,0],"21":[0,0],"22":[0,0],"23":[0,0],"24":[0,0],"25":[0,0,0],"26":[0,0],"27":[0],"28":[0,0],"29":[0,0],"30":[0,0],"31":[0,0],"32":[0,0],"33":[0,0,0],"34":[0,0],"35":[0,0],"36":[0],"37":[0],"38":[0,0],"39":[0],"40":[0,0],"41":[0,0],"42":[0,0],"43":[0,0],"44":[0],"45":[0,0],"46":[0,0],"47":[0,0],"48":[0,0],"49":[0,0],"50":[0,0]}}
,"C:\\Users\\RICHEY_SON\\Desktop\\smartcart-akedo\\src\\services\\WalmartService.js": {"path":"C:\\Users\\RICHEY_SON\\Desktop\\smartcart-akedo\\src\\services\\WalmartService.js","statementMap":{"0":{"start":{"line":1,"column":15},"end":{"line":1,"column":41}},"1":{"start":{"line":3,"column":22},"end":{"line":54,"column":1}},"2":{"start":{"line":56,"column":19},"end":{"line":59,"column":1}},"3":{"start":{"line":63,"column":4},"end":{"line":65,"column":5}},"4":{"start":{"line":64,"column":6},"end":{"line":64,"column":16}},"5":{"start":{"line":67,"column":23},"end":{"line":67,"column":49}},"6":{"start":{"line":68,"column":20},"end":{"line":71,"column":6}},"7":{"start":{"line":69,"column":6},"end":{"line":70,"column":65}},"8":{"start":{"line":73,"column":20},"end":{"line":81,"column":7}},"9":{"start":{"line":73,"column":60},"end":{"line":81,"column":5}},"10":{"start":{"line":83,"column":4},"end":{"line":83,"column":84}},"11":{"start":{"line":84,"column":4},"end":{"line":84,"column":19}},"12":{"start":{"line":88,"column":20},"end":{"line":88,"column":63}},"13":{"start":{"line":88,"column":44},"end":{"line":88,"column":62}},"14":{"start":{"line":90,"column":4},"end":{"line":92,"column":5}},"15":{"start":{"line":91,"column":6},"end":{"line":91,"column":64}},"16":{"start":{"line":94,"column":4},"end":{"line":110,"column":6}},"17":{"start":{"line":114,"column":4},"end":{"line":114,"column":22}},"18":{"start":{"line":118,"column":20},"end":{"line":118,"column":63}},"19":{"start":{"line":118,"column":44},"end":{"line":118,"column":62}},"20":{"start":{"line":120,"column":4},"end":{"line":122,"column":5}},"21":{"start":{"line":121,"column":6},"end":{"line":121,"column":64}},"22":{"start":{"line":124,"column":4},"end":{"line":131,"column":6}},"23":{"start":{"line":135,"column":4},"end":{"line":135,"column":25}},"24":{"start":{"line":139,"column":0},"end":{"line":139,"column":38}}},"fnMap":{"0":{"name":"(anonymous_0)","decl":{"start":{"line":62,"column":2},"end":{"line":62,"column":3}},"loc":{"start":{"line":62,"column":35},"end":{"line":85,"column":3}},"line":62},"1":{"name":"(anonymous_1)","decl":{"start":{"line":68,"column":41},"end":{"line":68,"column":42}},"loc":{"start":{"line":68,"column":52},"end":{"line":71,"column":5}},"line":68},"2":{"name":"(anonymous_2)","decl":{"start":{"line":73,"column":48},"end":{"line":73,"column":49}},"loc":{"start":{"line":73,"column":60},"end":{"line":81,"column":5}},"line":73},"3":{"name":"(anonymous_3)","decl":{"start":{"line":87,"column":2},"end":{"line":87,"column":3}},"loc":{"start":{"line":87,"column":31},"end":{"line":111,"column":3}},"line":87},"4":{"name":"(anonymous_4)","decl":{"start":{"line":88,"column":39},"end":{"line":88,"column":40}},"loc":{"start":{"line":88,"column":44},"end":{"line":88,"column":62}},"line":88},"5":{"name":"(anonymous_5)","decl":{"start":{"line":113,"column":2},"end":{"line":113,"column":3}},"loc":{"start":{"line":113,"column":18},"end":{"line":115,"column":3}},"line":113},"6":{"name":"(anonymous_6)","decl":{"start":{"line":117,"column":2},"end":{"line":117,"column":3}},"loc":{"start":{"line":117,"column":22},"end":{"line":132,"column":3}},"line":117},"7":{"name":"(anonymous_7)","decl":{"start":{"line":118,"column":39},"end":{"line":118,"column":40}},"loc":{"start":{"line":118,"column":44},"end":{"line":118,"column":62}},"line":118},"8":{"name":"(anonymous_8)","decl":{"start":{"line":134,"column":2},"end":{"line":134,"column":3}},"loc":{"start":{"line":134,"column":19},"end":{"line":136,"column":3}},"line":134}},"branchMap":{"0":{"loc":{"start":{"line":62,"column":24},"end":{"line":62,"column":33}},"type":"default-arg","locations":[{"start":{"line":62,"column":32},"end":{"line":62,"column":33}}],"line":62},"1":{"loc":{"start":{"line":63,"column":4},"end":{"line":65,"column":5}},"type":"if","locations":[{"start":{"line":63,"column":4},"end":{"line":65,"column":5}},{"start":{},"end":{}}],"line":63},"2":{"loc":{"start":{"line":63,"column":8},"end":{"line":63,"column":43}},"type":"binary-expr","locations":[{"start":{"line":63,"column":8},"end":{"line":63,"column":14}},{"start":{"line":63,"column":18},"end":{"line":63,"column":43}}],"line":63},"3":{"loc":{"start":{"line":69,"column":13},"end":{"line":70,"column":64}},"type":"binary-expr","locations":[{"start":{"line":69,"column":13},"end":{"line":69,"column":60}},{"start":{"line":70,"column":13},"end":{"line":70,"column":64}}],"line":69},"4":{"loc":{"start":{"line":90,"column":4},"end":{"line":92,"column":5}},"type":"if","locations":[{"start":{"line":90,"column":4},"end":{"line":92,"column":5}},{"start":{},"end":{}}],"line":90},"5":{"loc":{"start":{"line":105,"column":24},"end":{"line":105,"column":51}},"type":"cond-expr","locations":[{"start":{"line":105,"column":46},"end":{"line":105,"column":47}},{"start":{"line":105,"column":50},"end":{"line":105,"column":51}}],"line":105},"6":{"loc":{"start":{"line":106,"column":14},"end":{"line":106,"column":44}},"type":"cond-expr","locations":[{"start":{"line":106,"column":36},"end":{"line":106,"column":37}},{"start":{"line":106,"column":40},"end":{"line":106,"column":44}}],"line":106},"7":{"loc":{"start":{"line":120,"column":4},"end":{"line":122,"column":5}},"type":"if","locations":[{"start":{"line":120,"column":4},"end":{"line":122,"column":5}},{"start":{},"end":{}}],"line":120}},"s":{"0":0,"1":0,"2":0,"3":0,"4":0,"5":0,"6":0,"7":0,"8":0,"9":0,"10":0,"11":0,"12":0,"13":0,"14":0,"15":0,"16":0,"17":0,"18":0,"19":0,"20":0,"21":0,"22":0,"23":0,"24":0},"f":{"0":0,"1":0,"2":0,"3":0,"4":0,"5":0,"6":0,"7":0,"8":0},"b":{"0":[0],"1":[0,0],"2":[0,0],"3":[0,0],"4":[0,0],"5":[0,0],"6":[0,0],"7":[0,0]}}
,"C:\\Users\\RICHEY_SON\\Desktop\\smartcart-akedo\\src\\utils\\logger.js": {"path":"C:\\Users\\RICHEY_SON\\Desktop\\smartcart-akedo\\src\\utils\\logger.js","statementMap":{"0":{"start":{"line":1,"column":18},"end":{"line":6,"column":1}},"1":{"start":{"line":8,"column":24},"end":{"line":10,"column":76}},"2":{"start":{"line":12,"column":21},"end":{"line":14,"column":1}},"3":{"start":{"line":13,"column":2},"end":{"line":13,"column":34}},"4":{"start":{"line":16,"column":22},"end":{"line":22,"column":1}},"5":{"start":{"line":17,"column":20},"end":{"line":17,"column":34}},"6":{"start":{"line":18,"column":25},"end":{"line":20,"column":18}},"7":{"start":{"line":19,"column":4},"end":{"line":19,"column":72}},"8":{"start":{"line":21,"column":2},"end":{"line":21,"column":65}},"9":{"start":{"line":24,"column":15},"end":{"line":48,"column":1}},"10":{"start":{"line":26,"column":4},"end":{"line":28,"column":5}},"11":{"start":{"line":27,"column":6},"end":{"line":27,"column":60}},"12":{"start":{"line":32,"column":4},"end":{"line":34,"column":5}},"13":{"start":{"line":33,"column":6},"end":{"line":33,"column":59}},"14":{"start":{"line":38,"column":4},"end":{"line":40,"column":5}},"15":{"start":{"line":39,"column":6},"end":{"line":39,"column":60}},"16":{"start":{"line":44,"column":4},"end":{"line":46,"column":5}},"17":{"start":{"line":45,"column":6},"end":{"line":45,"column":62}},"18":{"start":{"line":50,"column":0},"end":{"line":50,"column":24}}},"fnMap":{"0":{"name":"(anonymous_0)","decl":{"start":{"line":12,"column":21},"end":{"line":12,"column":22}},"loc":{"start":{"line":12,"column":27},"end":{"line":14,"column":1}},"line":12},"1":{"name":"(anonymous_1)","decl":{"start":{"line":16,"column":22},"end":{"line":16,"column":23}},"loc":{"start":{"line":16,"column":51},"end":{"line":22,"column":1}},"line":16},"2":{"name":"(anonymous_2)","decl":{"start":{"line":18,"column":58},"end":{"line":18,"column":59}},"loc":{"start":{"line":19,"column":4},"end":{"line":19,"column":72}},"line":19},"3":{"name":"(anonymous_3)","decl":{"start":{"line":25,"column":9},"end":{"line":25,"column":10}},"loc":{"start":{"line":25,"column":31},"end":{"line":29,"column":3}},"line":25},"4":{"name":"(anonymous_4)","decl":{"start":{"line":31,"column":8},"end":{"line":31,"column":9}},"loc":{"start":{"line":31,"column":30},"end":{"line":35,"column":3}},"line":31},"5":{"name":"(anonymous_5)","decl":{"start":{"line":37,"column":8},"end":{"line":37,"column":9}},"loc":{"start":{"line":37,"column":30},"end":{"line":41,"column":3}},"line":37},"6":{"name":"(anonymous_6)","decl":{"start":{"line":43,"column":9},"end":{"line":43,"column":10}},"loc":{"start":{"line":43,"column":31},"end":{"line":47,"column":3}},"line":43}},"branchMap":{"0":{"loc":{"start":{"line":8,"column":24},"end":{"line":10,"column":76}},"type":"cond-expr","locations":[{"start":{"line":9,"column":4},"end":{"line":9,"column":68}},{"start":{"line":10,"column":4},"end":{"line":10,"column":76}}],"line":8},"1":{"loc":{"start":{"line":9,"column":4},"end":{"line":9,"column":68}},"type":"binary-expr","locations":[{"start":{"line":9,"column":4},"end":{"line":9,"column":50}},{"start":{"line":9,"column":54},"end":{"line":9,"column":68}}],"line":9},"2":{"loc":{"start":{"line":10,"column":4},"end":{"line":10,"column":76}},"type":"cond-expr","locations":[{"start":{"line":10,"column":44},"end":{"line":10,"column":58}},{"start":{"line":10,"column":61},"end":{"line":10,"column":76}}],"line":10},"3":{"loc":{"start":{"line":18,"column":25},"end":{"line":20,"column":18}},"type":"cond-expr","locations":[{"start":{"line":18,"column":43},"end":{"line":20,"column":13}},{"start":{"line":20,"column":16},"end":{"line":20,"column":18}}],"line":18},"4":{"loc":{"start":{"line":19,"column":4},"end":{"line":19,"column":72}},"type":"cond-expr","locations":[{"start":{"line":19,"column":30},"end":{"line":19,"column":58}},{"start":{"line":19,"column":61},"end":{"line":19,"column":72}}],"line":19},"5":{"loc":{"start":{"line":26,"column":4},"end":{"line":28,"column":5}},"type":"if","locations":[{"start":{"line":26,"column":4},"end":{"line":28,"column":5}},{"start":{},"end":{}}],"line":26},"6":{"loc":{"start":{"line":32,"column":4},"end":{"line":34,"column":5}},"type":"if","locations":[{"start":{"line":32,"column":4},"end":{"line":34,"column":5}},{"start":{},"end":{}}],"line":32},"7":{"loc":{"start":{"line":38,"column":4},"end":{"line":40,"column":5}},"type":"if","locations":[{"start":{"line":38,"column":4},"end":{"line":40,"column":5}},{"start":{},"end":{}}],"line":38},"8":{"loc":{"start":{"line":44,"column":4},"end":{"line":46,"column":5}},"type":"if","locations":[{"start":{"line":44,"column":4},"end":{"line":46,"column":5}},{"start":{},"end":{}}],"line":44}},"s":{"0":0,"1":0,"2":0,"3":0,"4":0,"5":0,"6":0,"7":0,"8":0,"9":0,"10":0,"11":0,"12":0,"13":0,"14":0,"15":0,"16":0,"17":0,"18":0},"f":{"0":0,"1":0,"2":0,"3":0,"4":0,"5":0,"6":0},"b":{"0":[0,0],"1":[0,0],"2":[0,0],"3":[0,0],"4":[0,0],"5":[0,0],"6":[0,0],"7":[0,0],"8":[0,0]}}
}
