TN:
SF:src\controllers\AuditController.js
FN:5,(anonymous_0)
FN:17,(anonymous_1)
FN:36,(anonymous_2)
FN:60,(anonymous_3)
FN:79,(anonymous_4)
FN:104,(anonymous_5)
FNF:6
FNH:0
FNDA:0,(anonymous_0)
FNDA:0,(anonymous_1)
FNDA:0,(anonymous_2)
FNDA:0,(anonymous_3)
FNDA:0,(anonymous_4)
FNDA:0,(anonymous_5)
DA:1,0
DA:2,0
DA:3,0
DA:5,0
DA:6,0
DA:17,0
DA:18,0
DA:19,0
DA:23,0
DA:24,0
DA:26,0
DA:31,0
DA:32,0
DA:36,0
DA:37,0
DA:42,0
DA:43,0
DA:51,0
DA:52,0
DA:60,0
DA:61,0
DA:62,0
DA:66,0
DA:67,0
DA:69,0
DA:74,0
DA:75,0
DA:79,0
DA:80,0
DA:82,0
DA:83,0
DA:91,0
DA:92,0
DA:94,0
DA:99,0
DA:100,0
DA:104,0
DA:105,0
DA:107,0
DA:108,0
DA:116,0
DA:117,0
DA:125,0
DA:126,0
DA:134,0
DA:135,0
DA:137,0
DA:142,0
DA:143,0
DA:147,0
LF:50
LH:0
BRDA:18,0,0,0
BRDA:18,0,1,0
BRDA:42,1,0,0
BRDA:42,1,1,0
BRDA:42,2,0,0
BRDA:42,2,1,0
BRDA:51,3,0,0
BRDA:51,3,1,0
BRDA:51,4,0,0
BRDA:51,4,1,0
BRDA:61,5,0,0
BRDA:61,5,1,0
BRDA:82,6,0,0
BRDA:82,6,1,0
BRDA:107,7,0,0
BRDA:107,7,1,0
BRDA:107,8,0,0
BRDA:107,8,1,0
BRDA:116,9,0,0
BRDA:116,9,1,0
BRDA:125,10,0,0
BRDA:125,10,1,0
BRF:22
BRH:0
end_of_record
TN:
SF:src\controllers\ForecastingController.js
FN:6,(anonymous_0)
FN:21,(anonymous_1)
FN:46,(anonymous_2)
FN:105,(anonymous_3)
FN:135,(anonymous_4)
FNF:5
FNH:0
FNDA:0,(anonymous_0)
FNDA:0,(anonymous_1)
FNDA:0,(anonymous_2)
FNDA:0,(anonymous_3)
FNDA:0,(anonymous_4)
DA:1,0
DA:2,0
DA:3,0
DA:4,0
DA:6,0
DA:7,0
DA:8,0
DA:9,0
DA:11,0
DA:16,0
DA:17,0
DA:21,0
DA:22,0
DA:24,0
DA:25,0
DA:26,0
DA:28,0
DA:33,0
DA:34,0
DA:41,0
DA:42,0
DA:46,0
DA:47,0
DA:49,0
DA:50,0
DA:58,0
DA:59,0
DA:67,0
DA:68,0
DA:69,0
DA:71,0
DA:73,0
DA:79,0
DA:92,0
DA:93,0
DA:100,0
DA:101,0
DA:105,0
DA:106,0
DA:108,0
DA:109,0
DA:110,0
DA:112,0
DA:122,0
DA:123,0
DA:130,0
DA:131,0
DA:135,0
DA:136,0
DA:137,0
DA:139,0
DA:140,0
DA:148,0
DA:149,0
DA:150,0
DA:152,0
DA:157,0
DA:158,0
DA:165,0
DA:166,0
DA:170,0
LF:61
LH:0
BRDA:33,0,0,0
BRDA:33,0,1,0
BRDA:49,1,0,0
BRDA:49,1,1,0
BRDA:58,2,0,0
BRDA:58,2,1,0
BRDA:58,3,0,0
BRDA:58,3,1,0
BRDA:92,4,0,0
BRDA:92,4,1,0
BRDA:122,5,0,0
BRDA:122,5,1,0
BRDA:137,6,0,0
BRDA:137,6,1,0
BRDA:139,7,0,0
BRDA:139,7,1,0
BRDA:139,8,0,0
BRDA:139,8,1,0
BRDA:157,9,0,0
BRDA:157,9,1,0
BRF:20
BRH:0
end_of_record
TN:
SF:src\controllers\InventoryController.js
FN:6,(anonymous_0)
FN:78,(anonymous_1)
FN:83,(anonymous_2)
FN:89,(anonymous_3)
FN:146,(anonymous_4)
FN:152,(anonymous_5)
FN:186,(anonymous_6)
FN:200,(anonymous_7)
FN:214,(anonymous_8)
FNF:9
FNH:7
FNDA:4,(anonymous_0)
FNDA:2,(anonymous_1)
FNDA:2,(anonymous_2)
FNDA:3,(anonymous_3)
FNDA:2,(anonymous_4)
FNDA:2,(anonymous_5)
FNDA:2,(anonymous_6)
FNDA:0,(anonymous_7)
FNDA:0,(anonymous_8)
DA:1,1
DA:2,1
DA:3,1
DA:4,1
DA:6,1
DA:7,4
DA:9,4
DA:10,1
DA:18,3
DA:19,1
DA:27,2
DA:28,1
DA:36,1
DA:37,0
DA:45,1
DA:46,0
DA:47,0
DA:48,0
DA:55,0
DA:56,0
DA:65,1
DA:75,1
DA:78,1
DA:79,2
DA:80,2
DA:83,1
DA:84,2
DA:85,2
DA:86,1
DA:89,1
DA:90,3
DA:91,3
DA:93,3
DA:94,0
DA:102,3
DA:103,1
DA:111,2
DA:112,0
DA:120,2
DA:121,0
DA:129,2
DA:130,0
DA:131,0
DA:132,0
DA:139,0
DA:142,2
DA:143,1
DA:146,1
DA:147,2
DA:148,2
DA:149,1
DA:152,1
DA:153,2
DA:155,2
DA:156,0
DA:164,2
DA:165,1
DA:173,1
DA:174,0
DA:182,1
DA:183,1
DA:186,1
DA:187,2
DA:188,2
DA:189,1
DA:196,1
DA:197,1
DA:200,1
DA:201,0
DA:202,0
DA:203,0
DA:210,0
DA:211,0
DA:214,1
DA:215,0
DA:216,0
DA:219,1
LF:77
LH:55
BRDA:9,0,0,1
BRDA:9,0,1,3
BRDA:9,1,0,4
BRDA:9,1,1,3
BRDA:9,1,2,3
BRDA:18,2,0,1
BRDA:18,2,1,2
BRDA:18,3,0,3
BRDA:18,3,1,3
BRDA:27,4,0,1
BRDA:27,4,1,1
BRDA:27,5,0,2
BRDA:27,5,1,2
BRDA:36,6,0,0
BRDA:36,6,1,1
BRDA:36,7,0,1
BRDA:36,7,1,1
BRDA:36,7,2,1
BRDA:45,8,0,0
BRDA:45,8,1,1
BRDA:47,9,0,0
BRDA:47,9,1,0
BRDA:55,10,0,0
BRDA:55,10,1,0
BRDA:69,11,0,1
BRDA:69,11,1,0
BRDA:70,12,0,0
BRDA:70,12,1,1
BRDA:71,13,0,0
BRDA:71,13,1,1
BRDA:72,14,0,1
BRDA:72,14,1,0
BRDA:93,15,0,0
BRDA:93,15,1,3
BRDA:102,16,0,1
BRDA:102,16,1,2
BRDA:102,17,0,3
BRDA:102,17,1,3
BRDA:102,17,2,3
BRDA:111,18,0,0
BRDA:111,18,1,2
BRDA:111,19,0,2
BRDA:111,19,1,0
BRDA:111,19,2,0
BRDA:120,20,0,0
BRDA:120,20,1,2
BRDA:120,21,0,2
BRDA:120,21,1,0
BRDA:129,22,0,0
BRDA:129,22,1,2
BRDA:131,23,0,0
BRDA:131,23,1,0
BRDA:155,24,0,0
BRDA:155,24,1,2
BRDA:155,25,0,2
BRDA:155,25,1,2
BRDA:164,26,0,1
BRDA:164,26,1,1
BRDA:173,27,0,0
BRDA:173,27,1,1
BRDA:187,28,0,2
BRDA:187,28,1,0
BRDA:188,29,0,1
BRDA:188,29,1,1
BRDA:188,30,0,2
BRDA:188,30,1,2
BRDA:202,31,0,0
BRDA:202,31,1,0
BRF:68
BRH:44
end_of_record
TN:
SF:src\controllers\ShoppingController.js
FN:7,(anonymous_0)
FN:33,(anonymous_1)
FN:58,(anonymous_2)
FN:89,(anonymous_3)
FN:120,(anonymous_4)
FN:144,(anonymous_5)
FN:168,(anonymous_6)
FNF:7
FNH:0
FNDA:0,(anonymous_0)
FNDA:0,(anonymous_1)
FNDA:0,(anonymous_2)
FNDA:0,(anonymous_3)
FNDA:0,(anonymous_4)
FNDA:0,(anonymous_5)
FNDA:0,(anonymous_6)
DA:1,0
DA:2,0
DA:3,0
DA:4,0
DA:5,0
DA:7,0
DA:8,0
DA:10,0
DA:11,0
DA:19,0
DA:20,0
DA:21,0
DA:23,0
DA:28,0
DA:29,0
DA:33,0
DA:34,0
DA:36,0
DA:37,0
DA:45,0
DA:46,0
DA:48,0
DA:53,0
DA:54,0
DA:58,0
DA:59,0
DA:61,0
DA:62,0
DA:70,0
DA:71,0
DA:72,0
DA:74,0
DA:84,0
DA:85,0
DA:89,0
DA:90,0
DA:92,0
DA:93,0
DA:101,0
DA:102,0
DA:103,0
DA:105,0
DA:115,0
DA:116,0
DA:120,0
DA:121,0
DA:123,0
DA:124,0
DA:126,0
DA:131,0
DA:132,0
DA:139,0
DA:140,0
DA:144,0
DA:145,0
DA:147,0
DA:148,0
DA:150,0
DA:155,0
DA:156,0
DA:163,0
DA:164,0
DA:168,0
DA:169,0
DA:171,0
DA:172,0
DA:180,0
DA:181,0
DA:189,0
DA:190,0
DA:192,0
DA:197,0
DA:198,0
DA:202,0
LF:74
LH:0
BRDA:10,0,0,0
BRDA:10,0,1,0
BRDA:10,1,0,0
BRDA:10,1,1,0
BRDA:20,2,0,0
BRDA:20,2,1,0
BRDA:36,3,0,0
BRDA:36,3,1,0
BRDA:61,4,0,0
BRDA:61,4,1,0
BRDA:61,5,0,0
BRDA:61,5,1,0
BRDA:71,6,0,0
BRDA:71,6,1,0
BRDA:92,7,0,0
BRDA:92,7,1,0
BRDA:92,8,0,0
BRDA:92,8,1,0
BRDA:102,9,0,0
BRDA:102,9,1,0
BRDA:131,10,0,0
BRDA:131,10,1,0
BRDA:155,11,0,0
BRDA:155,11,1,0
BRDA:171,12,0,0
BRDA:171,12,1,0
BRDA:171,13,0,0
BRDA:171,13,1,0
BRDA:180,14,0,0
BRDA:180,14,1,0
BRDA:180,15,0,0
BRDA:180,15,1,0
BRDA:180,15,2,0
BRF:33
BRH:0
end_of_record
TN:
SF:src\controllers\TransactionController.js
FN:5,(anonymous_0)
FN:53,(anonymous_1)
FN:103,(anonymous_2)
FN:146,(anonymous_3)
FN:198,(anonymous_4)
FN:215,(anonymous_5)
FN:250,(anonymous_6)
FNF:7
FNH:0
FNDA:0,(anonymous_0)
FNDA:0,(anonymous_1)
FNDA:0,(anonymous_2)
FNDA:0,(anonymous_3)
FNDA:0,(anonymous_4)
FNDA:0,(anonymous_5)
FNDA:0,(anonymous_6)
DA:1,0
DA:2,0
DA:3,0
DA:5,0
DA:6,0
DA:8,0
DA:9,0
DA:17,0
DA:18,0
DA:26,0
DA:27,0
DA:35,0
DA:36,0
DA:43,0
DA:48,0
DA:49,0
DA:53,0
DA:54,0
DA:56,0
DA:57,0
DA:65,0
DA:66,0
DA:74,0
DA:75,0
DA:83,0
DA:84,0
DA:92,0
DA:98,0
DA:99,0
DA:103,0
DA:104,0
DA:105,0
DA:107,0
DA:108,0
DA:116,0
DA:117,0
DA:119,0
DA:125,0
DA:126,0
DA:133,0
DA:134,0
DA:141,0
DA:142,0
DA:146,0
DA:147,0
DA:148,0
DA:150,0
DA:151,0
DA:159,0
DA:160,0
DA:168,0
DA:169,0
DA:171,0
DA:177,0
DA:178,0
DA:185,0
DA:186,0
DA:193,0
DA:194,0
DA:198,0
DA:199,0
DA:200,0
DA:202,0
DA:210,0
DA:211,0
DA:215,0
DA:216,0
DA:217,0
DA:219,0
DA:220,0
DA:228,0
DA:229,0
DA:237,0
DA:238,0
DA:240,0
DA:245,0
DA:246,0
DA:250,0
DA:251,0
DA:253,0
DA:254,0
DA:256,0
DA:261,0
DA:262,0
DA:269,0
DA:270,0
DA:274,0
LF:87
LH:0
BRDA:8,0,0,0
BRDA:8,0,1,0
BRDA:8,1,0,0
BRDA:8,1,1,0
BRDA:17,2,0,0
BRDA:17,2,1,0
BRDA:17,3,0,0
BRDA:17,3,1,0
BRDA:26,4,0,0
BRDA:26,4,1,0
BRDA:26,5,0,0
BRDA:26,5,1,0
BRDA:56,6,0,0
BRDA:56,6,1,0
BRDA:56,7,0,0
BRDA:56,7,1,0
BRDA:65,8,0,0
BRDA:65,8,1,0
BRDA:65,9,0,0
BRDA:65,9,1,0
BRDA:74,10,0,0
BRDA:74,10,1,0
BRDA:74,11,0,0
BRDA:74,11,1,0
BRDA:107,12,0,0
BRDA:107,12,1,0
BRDA:125,13,0,0
BRDA:125,13,1,0
BRDA:133,14,0,0
BRDA:133,14,1,0
BRDA:150,15,0,0
BRDA:150,15,1,0
BRDA:159,16,0,0
BRDA:159,16,1,0
BRDA:159,17,0,0
BRDA:159,17,1,0
BRDA:159,17,2,0
BRDA:177,18,0,0
BRDA:177,18,1,0
BRDA:185,19,0,0
BRDA:185,19,1,0
BRDA:216,20,0,0
BRDA:216,20,1,0
BRDA:217,21,0,0
BRDA:217,21,1,0
BRDA:219,22,0,0
BRDA:219,22,1,0
BRDA:219,23,0,0
BRDA:219,23,1,0
BRDA:228,24,0,0
BRDA:228,24,1,0
BRDA:261,25,0,0
BRDA:261,25,1,0
BRF:53
BRH:0
end_of_record
TN:
SF:src\middleware\errorHandler.js
FN:3,(anonymous_0)
FN:4,(anonymous_1)
FN:9,(anonymous_2)
FN:33,(anonymous_3)
FN:60,(anonymous_4)
FNF:5
FNH:4
FNDA:9,(anonymous_0)
FNDA:17,(anonymous_1)
FNDA:3,(anonymous_2)
FNDA:3,(anonymous_3)
FNDA:0,(anonymous_4)
DA:1,2
DA:3,2
DA:4,9
DA:5,17
DA:9,2
DA:10,3
DA:11,0
DA:14,3
DA:15,0
DA:18,3
DA:19,0
DA:22,3
DA:23,0
DA:26,3
DA:27,3
DA:30,0
DA:33,2
DA:34,3
DA:35,3
DA:37,3
DA:45,3
DA:53,3
DA:54,0
DA:57,3
DA:60,2
DA:61,0
DA:62,0
DA:63,0
DA:66,2
LF:29
LH:20
BRDA:10,0,0,0
BRDA:10,0,1,3
BRDA:14,1,0,0
BRDA:14,1,1,3
BRDA:14,2,0,3
BRDA:14,2,1,3
BRDA:18,3,0,0
BRDA:18,3,1,3
BRDA:18,4,0,3
BRDA:18,4,1,3
BRDA:22,5,0,0
BRDA:22,5,1,3
BRDA:26,6,0,3
BRDA:26,6,1,0
BRDA:39,7,0,0
BRDA:39,7,1,3
BRDA:48,8,0,3
BRDA:48,8,1,0
BRDA:49,9,0,3
BRDA:49,9,1,0
BRDA:53,10,0,0
BRDA:53,10,1,3
BRDA:53,11,0,3
BRDA:53,11,1,0
BRF:24
BRH:14
end_of_record
TN:
SF:src\middleware\rateLimiter.js
FN:4,(anonymous_0)
FN:16,(anonymous_1)
FNF:2
FNH:0
FNDA:0,(anonymous_0)
FNDA:0,(anonymous_1)
DA:1,0
DA:2,0
DA:4,0
DA:5,0
DA:17,0
DA:18,0
DA:28,0
DA:33,0
LF:8
LH:0
BRDA:4,0,0,0
BRDA:4,1,0,0
BRDA:29,2,0,0
BRDA:29,2,1,0
BRDA:30,3,0,0
BRDA:30,3,1,0
BRF:6
BRH:0
end_of_record
TN:
SF:src\middleware\validation.js
FN:3,(anonymous_0)
FN:18,(anonymous_1)
FN:28,(anonymous_2)
FN:49,(anonymous_3)
FN:70,(anonymous_4)
FN:80,(anonymous_5)
FN:85,(anonymous_6)
FN:102,(anonymous_7)
FN:103,(anonymous_8)
FNF:9
FNH:0
FNDA:0,(anonymous_0)
FNDA:0,(anonymous_1)
FNDA:0,(anonymous_2)
FNDA:0,(anonymous_3)
FNDA:0,(anonymous_4)
FNDA:0,(anonymous_5)
FNDA:0,(anonymous_6)
FNDA:0,(anonymous_7)
FNDA:0,(anonymous_8)
DA:1,1
DA:3,1
DA:4,0
DA:5,0
DA:6,0
DA:7,0
DA:10,0
DA:11,0
DA:12,0
DA:13,0
DA:14,0
DA:18,1
DA:19,0
DA:20,0
DA:21,0
DA:22,0
DA:23,0
DA:24,0
DA:28,1
DA:29,0
DA:30,0
DA:31,0
DA:32,0
DA:33,0
DA:35,0
DA:36,0
DA:37,0
DA:38,0
DA:39,0
DA:41,0
DA:42,0
DA:43,0
DA:44,0
DA:45,0
DA:49,1
DA:50,0
DA:51,0
DA:52,0
DA:53,0
DA:54,0
DA:56,0
DA:57,0
DA:58,0
DA:59,0
DA:60,0
DA:62,0
DA:63,0
DA:64,0
DA:65,0
DA:66,0
DA:70,1
DA:71,0
DA:72,0
DA:73,0
DA:74,0
DA:75,0
DA:76,0
DA:80,1
DA:81,0
DA:82,0
DA:85,1
DA:86,0
DA:87,0
DA:88,0
DA:89,0
DA:90,0
DA:91,0
DA:92,0
DA:93,0
DA:95,0
DA:99,0
DA:102,1
DA:103,0
DA:104,0
DA:105,0
DA:106,0
DA:107,0
DA:108,0
DA:110,0
DA:111,0
DA:112,0
DA:113,0
DA:114,0
DA:116,0
DA:117,0
DA:124,0
DA:125,0
DA:132,0
DA:133,0
DA:140,0
DA:141,0
DA:142,0
DA:143,0
DA:147,0
DA:148,0
DA:149,0
DA:150,0
DA:154,0
DA:156,0
DA:161,1
LF:100
LH:10
BRDA:6,0,0,0
BRDA:6,0,1,0
BRDA:6,1,0,0
BRDA:6,1,1,0
BRDA:6,1,2,0
BRDA:10,2,0,0
BRDA:10,2,1,0
BRDA:20,3,0,0
BRDA:20,3,1,0
BRDA:28,4,0,0
BRDA:28,5,0,0
BRDA:29,6,0,0
BRDA:29,6,1,0
BRDA:35,7,0,0
BRDA:35,7,1,0
BRDA:41,8,0,0
BRDA:41,8,1,0
BRDA:49,9,0,0
BRDA:49,10,0,0
BRDA:50,11,0,0
BRDA:50,11,1,0
BRDA:50,12,0,0
BRDA:50,12,1,0
BRDA:56,13,0,0
BRDA:56,13,1,0
BRDA:62,14,0,0
BRDA:62,14,1,0
BRDA:70,15,0,0
BRDA:72,16,0,0
BRDA:72,16,1,0
BRDA:81,17,0,0
BRDA:81,17,1,0
BRDA:86,18,0,0
BRDA:86,18,1,0
BRDA:86,19,0,0
BRDA:86,19,1,0
BRDA:89,20,0,0
BRDA:89,20,1,0
BRDA:90,21,0,0
BRDA:90,21,1,0
BRDA:92,22,0,0
BRDA:92,22,1,0
BRDA:92,23,0,0
BRDA:92,23,1,0
BRDA:105,24,0,0
BRDA:105,24,1,0
BRDA:107,25,0,0
BRDA:107,25,1,0
BRDA:110,26,0,0
BRDA:110,26,1,0
BRDA:112,27,0,0
BRDA:112,27,1,0
BRDA:113,28,0,0
BRDA:113,28,1,0
BRDA:116,29,0,0
BRDA:116,29,1,0
BRDA:124,30,0,0
BRDA:124,30,1,0
BRDA:132,31,0,0
BRDA:132,31,1,0
BRDA:140,32,0,0
BRDA:140,32,1,0
BRDA:142,33,0,0
BRDA:142,33,1,0
BRDA:147,34,0,0
BRDA:147,34,1,0
BRDA:149,35,0,0
BRDA:149,35,1,0
BRF:68
BRH:0
end_of_record
TN:
SF:src\models\Inventory.js
FN:16,(anonymous_0)
FN:21,(anonymous_1)
FN:25,(anonymous_2)
FN:32,(anonymous_3)
FN:44,(anonymous_4)
FN:123,(anonymous_5)
FN:186,(anonymous_6)
FN:196,(anonymous_7)
FN:203,(anonymous_8)
FN:207,(anonymous_9)
FN:211,(anonymous_10)
FN:214,(anonymous_11)
FN:219,(anonymous_12)
FN:225,(anonymous_13)
FN:226,(anonymous_14)
FN:231,(anonymous_15)
FNF:16
FNH:16
FNDA:3,(anonymous_0)
FNDA:27,(anonymous_1)
FNDA:29,(anonymous_2)
FNDA:34,(anonymous_3)
FNDA:32,(anonymous_4)
FNDA:6,(anonymous_5)
FNDA:4,(anonymous_6)
FNDA:2,(anonymous_7)
FNDA:11,(anonymous_8)
FNDA:2,(anonymous_9)
FNDA:2,(anonymous_10)
FNDA:3,(anonymous_11)
FNDA:2,(anonymous_12)
FNDA:2,(anonymous_13)
FNDA:2,(anonymous_14)
FNDA:61,(anonymous_15)
DA:1,3
DA:3,3
DA:12,3
DA:13,3
DA:17,3
DA:18,3
DA:22,27
DA:26,29
DA:27,29
DA:28,29
DA:29,29
DA:33,34
DA:34,11
DA:38,3
DA:41,31
DA:53,32
DA:55,32
DA:56,1
DA:59,31
DA:60,1
DA:63,30
DA:64,1
DA:67,29
DA:68,0
DA:71,29
DA:72,0
DA:75,29
DA:76,29
DA:77,0
DA:81,29
DA:82,0
DA:83,0
DA:84,0
DA:86,0
DA:87,0
DA:90,29
DA:93,29
DA:94,29
DA:95,2
DA:96,2
DA:97,2
DA:98,2
DA:99,2
DA:100,2
DA:101,2
DA:104,27
DA:105,27
DA:118,27
DA:119,27
DA:120,27
DA:124,6
DA:125,2
DA:128,4
DA:129,4
DA:131,4
DA:132,0
DA:133,0
DA:135,0
DA:138,4
DA:139,3
DA:140,1
DA:142,2
DA:145,3
DA:146,0
DA:147,0
DA:149,0
DA:152,3
DA:153,0
DA:154,0
DA:156,0
DA:159,3
DA:160,0
DA:161,0
DA:163,0
DA:166,3
DA:167,1
DA:170,1
DA:171,0
DA:173,1
DA:174,1
DA:175,0
DA:177,1
DA:180,3
DA:181,3
DA:182,3
DA:183,3
DA:187,4
DA:188,2
DA:190,2
DA:191,2
DA:192,2
DA:193,2
DA:197,2
DA:198,1
DA:200,1
DA:204,11
DA:208,2
DA:209,0
DA:211,2
DA:215,3
DA:216,3
DA:217,3
DA:219,3
DA:220,2
DA:221,2
DA:226,2
DA:227,2
DA:232,61
DA:233,61
DA:234,61
DA:238,3
LF:111
LH:88
BRDA:25,0,0,0
BRDA:26,1,0,29
BRDA:26,1,1,0
BRDA:34,2,0,3
BRDA:34,2,1,8
BRDA:35,3,0,11
BRDA:35,3,1,3
BRDA:49,4,0,7
BRDA:51,5,0,27
BRDA:52,6,0,25
BRDA:55,7,0,1
BRDA:55,7,1,31
BRDA:55,8,0,32
BRDA:55,8,1,31
BRDA:55,8,2,31
BRDA:59,9,0,1
BRDA:59,9,1,30
BRDA:59,10,0,31
BRDA:59,10,1,31
BRDA:63,11,0,1
BRDA:63,11,1,29
BRDA:67,12,0,0
BRDA:67,12,1,29
BRDA:71,13,0,0
BRDA:71,13,1,29
BRDA:71,14,0,29
BRDA:71,14,1,29
BRDA:75,15,0,29
BRDA:75,15,1,0
BRDA:76,16,0,0
BRDA:76,16,1,29
BRDA:81,17,0,0
BRDA:81,17,1,29
BRDA:82,18,0,0
BRDA:82,18,1,0
BRDA:83,19,0,0
BRDA:83,19,1,0
BRDA:86,20,0,0
BRDA:86,20,1,0
BRDA:94,21,0,2
BRDA:94,21,1,27
BRDA:124,22,0,2
BRDA:124,22,1,4
BRDA:131,23,0,0
BRDA:131,23,1,4
BRDA:132,24,0,0
BRDA:132,24,1,0
BRDA:132,25,0,0
BRDA:132,25,1,0
BRDA:138,26,0,3
BRDA:138,26,1,1
BRDA:139,27,0,1
BRDA:139,27,1,2
BRDA:139,28,0,3
BRDA:139,28,1,3
BRDA:145,29,0,0
BRDA:145,29,1,3
BRDA:146,30,0,0
BRDA:146,30,1,0
BRDA:152,31,0,0
BRDA:152,31,1,3
BRDA:153,32,0,0
BRDA:153,32,1,0
BRDA:153,33,0,0
BRDA:153,33,1,0
BRDA:159,34,0,0
BRDA:159,34,1,3
BRDA:160,35,0,0
BRDA:160,35,1,0
BRDA:166,36,0,1
BRDA:166,36,1,2
BRDA:167,37,0,1
BRDA:167,37,1,0
BRDA:170,38,0,0
BRDA:170,38,1,1
BRDA:174,39,0,0
BRDA:174,39,1,1
BRDA:187,40,0,2
BRDA:187,40,1,2
BRDA:197,41,0,1
BRDA:197,41,1,1
BRDA:208,42,0,0
BRDA:208,42,1,2
BRDA:214,43,0,0
BRDA:221,44,0,2
BRDA:221,44,1,2
BRF:86
BRH:52
end_of_record
TN:
SF:src\routes\audit.js
FNF:0
FNH:0
DA:1,0
DA:2,0
DA:8,0
DA:10,0
DA:12,0
DA:14,0
DA:16,0
DA:18,0
LF:8
LH:0
BRF:0
BRH:0
end_of_record
TN:
SF:src\routes\forecasting.js
FNF:0
FNH:0
DA:1,0
DA:2,0
DA:9,0
DA:11,0
DA:13,0
DA:15,0
DA:17,0
DA:19,0
DA:21,0
LF:9
LH:0
BRF:0
BRH:0
end_of_record
TN:
SF:src\routes\health.js
FN:4,(anonymous_0)
FNF:1
FNH:0
FNDA:0,(anonymous_0)
DA:1,0
DA:2,0
DA:4,0
DA:5,0
DA:6,0
DA:8,0
DA:21,0
LF:7
LH:0
BRF:0
BRH:0
end_of_record
TN:
SF:src\routes\inventory.js
FNF:0
FNH:0
DA:1,1
DA:2,1
DA:13,1
DA:15,1
DA:17,1
DA:19,1
DA:21,1
DA:23,1
DA:25,1
DA:27,1
DA:29,1
DA:31,1
DA:33,1
LF:13
LH:13
BRF:0
BRH:0
end_of_record
TN:
SF:src\routes\shopping.js
FNF:0
FNH:0
DA:1,0
DA:2,0
DA:11,0
DA:13,0
DA:15,0
DA:17,0
DA:19,0
DA:21,0
DA:23,0
DA:25,0
DA:27,0
LF:11
LH:0
BRF:0
BRH:0
end_of_record
TN:
SF:src\routes\transactions.js
FNF:0
FNH:0
DA:1,0
DA:2,0
DA:11,0
DA:13,0
DA:15,0
DA:17,0
DA:19,0
DA:21,0
DA:23,0
DA:25,0
DA:27,0
LF:11
LH:0
BRF:0
BRH:0
end_of_record
TN:
SF:src\services\AmazonService.js
FN:62,(anonymous_0)
FN:68,(anonymous_1)
FN:73,(anonymous_2)
FN:87,(anonymous_3)
FN:88,(anonymous_4)
FN:113,(anonymous_5)
FN:117,(anonymous_6)
FN:118,(anonymous_7)
FN:134,(anonymous_8)
FNF:9
FNH:0
FNDA:0,(anonymous_0)
FNDA:0,(anonymous_1)
FNDA:0,(anonymous_2)
FNDA:0,(anonymous_3)
FNDA:0,(anonymous_4)
FNDA:0,(anonymous_5)
FNDA:0,(anonymous_6)
FNDA:0,(anonymous_7)
FNDA:0,(anonymous_8)
DA:1,0
DA:3,0
DA:56,0
DA:63,0
DA:64,0
DA:67,0
DA:68,0
DA:69,0
DA:73,0
DA:83,0
DA:84,0
DA:88,0
DA:90,0
DA:91,0
DA:94,0
DA:114,0
DA:118,0
DA:120,0
DA:121,0
DA:124,0
DA:135,0
DA:139,0
LF:22
LH:0
BRDA:62,0,0,0
BRDA:63,1,0,0
BRDA:63,1,1,0
BRDA:63,2,0,0
BRDA:63,2,1,0
BRDA:69,3,0,0
BRDA:69,3,1,0
BRDA:90,4,0,0
BRDA:90,4,1,0
BRDA:105,5,0,0
BRDA:105,5,1,0
BRDA:106,6,0,0
BRDA:106,6,1,0
BRDA:120,7,0,0
BRDA:120,7,1,0
BRF:15
BRH:0
end_of_record
TN:
SF:src\services\AuditService.js
FN:30,(anonymous_0)
FN:35,(anonymous_1)
FN:66,(anonymous_2)
FN:70,(anonymous_3)
FN:74,(anonymous_4)
FN:78,(anonymous_5)
FN:82,(anonymous_6)
FN:87,(anonymous_7)
FN:92,(anonymous_8)
FN:110,(anonymous_9)
FN:114,(anonymous_10)
FN:124,(anonymous_11)
FN:137,(anonymous_12)
FN:139,(anonymous_13)
FN:142,(anonymous_14)
FN:144,(anonymous_15)
FN:147,(anonymous_16)
FN:149,(anonymous_17)
FN:175,(anonymous_18)
FN:180,(anonymous_19)
FN:184,(anonymous_20)
FN:191,(anonymous_21)
FN:198,(anonymous_22)
FN:203,(anonymous_23)
FNF:24
FNH:0
FNDA:0,(anonymous_0)
FNDA:0,(anonymous_1)
FNDA:0,(anonymous_2)
FNDA:0,(anonymous_3)
FNDA:0,(anonymous_4)
FNDA:0,(anonymous_5)
FNDA:0,(anonymous_6)
FNDA:0,(anonymous_7)
FNDA:0,(anonymous_8)
FNDA:0,(anonymous_9)
FNDA:0,(anonymous_10)
FNDA:0,(anonymous_11)
FNDA:0,(anonymous_12)
FNDA:0,(anonymous_13)
FNDA:0,(anonymous_14)
FNDA:0,(anonymous_15)
FNDA:0,(anonymous_16)
FNDA:0,(anonymous_17)
FNDA:0,(anonymous_18)
FNDA:0,(anonymous_19)
FNDA:0,(anonymous_20)
FNDA:0,(anonymous_21)
FNDA:0,(anonymous_22)
FNDA:0,(anonymous_23)
DA:1,0
DA:3,0
DA:20,0
DA:31,0
DA:32,0
DA:36,0
DA:37,0
DA:40,0
DA:41,0
DA:44,0
DA:56,0
DA:58,0
DA:59,0
DA:62,0
DA:63,0
DA:67,0
DA:69,0
DA:70,0
DA:73,0
DA:74,0
DA:77,0
DA:78,0
DA:81,0
DA:82,0
DA:85,0
DA:86,0
DA:87,0
DA:90,0
DA:91,0
DA:92,0
DA:95,0
DA:96,0
DA:99,0
DA:100,0
DA:103,0
DA:111,0
DA:112,0
DA:114,0
DA:115,0
DA:116,0
DA:119,0
DA:120,0
DA:121,0
DA:122,0
DA:124,0
DA:125,0
DA:126,0
DA:128,0
DA:129,0
DA:132,0
DA:133,0
DA:136,0
DA:137,0
DA:139,0
DA:141,0
DA:142,0
DA:144,0
DA:146,0
DA:147,0
DA:149,0
DA:151,0
DA:175,0
DA:181,0
DA:185,0
DA:192,0
DA:199,0
DA:200,0
DA:202,0
DA:203,0
DA:204,0
DA:206,0
DA:207,0
DA:214,0
LF:73
LH:0
BRDA:35,0,0,0
BRDA:35,1,0,0
BRDA:36,2,0,0
BRDA:36,2,1,0
BRDA:40,3,0,0
BRDA:40,3,1,0
BRDA:58,4,0,0
BRDA:58,4,1,0
BRDA:62,5,0,0
BRDA:62,5,1,0
BRDA:66,6,0,0
BRDA:69,7,0,0
BRDA:69,7,1,0
BRDA:73,8,0,0
BRDA:73,8,1,0
BRDA:77,9,0,0
BRDA:77,9,1,0
BRDA:81,10,0,0
BRDA:81,10,1,0
BRDA:85,11,0,0
BRDA:85,11,1,0
BRDA:90,12,0,0
BRDA:90,12,1,0
BRDA:95,13,0,0
BRDA:95,13,1,0
BRDA:99,14,0,0
BRDA:99,14,1,0
BRDA:110,15,0,0
BRDA:111,16,0,0
BRDA:111,16,1,0
BRDA:112,17,0,0
BRDA:112,17,1,0
BRDA:116,18,0,0
BRDA:116,18,1,0
BRDA:125,19,0,0
BRDA:125,19,1,0
BRDA:126,20,0,0
BRDA:126,20,1,0
BRDA:128,21,0,0
BRDA:128,21,1,0
BRDA:129,22,0,0
BRDA:129,22,1,0
BRDA:133,23,0,0
BRDA:133,23,1,0
BRDA:198,24,0,0
BRF:45
BRH:0
end_of_record
TN:
SF:src\services\ComparisonService.js
FN:6,(anonymous_0)
FN:64,(anonymous_1)
FN:94,(anonymous_2)
FN:133,(anonymous_3)
FN:156,(anonymous_4)
FN:208,(anonymous_5)
FN:217,(anonymous_6)
FNF:7
FNH:0
FNDA:0,(anonymous_0)
FNDA:0,(anonymous_1)
FNDA:0,(anonymous_2)
FNDA:0,(anonymous_3)
FNDA:0,(anonymous_4)
FNDA:0,(anonymous_5)
FNDA:0,(anonymous_6)
DA:1,0
DA:2,0
DA:3,0
DA:7,0
DA:8,0
DA:11,0
DA:12,0
DA:14,0
DA:15,0
DA:17,0
DA:18,0
DA:19,0
DA:21,0
DA:22,0
DA:23,0
DA:24,0
DA:25,0
DA:26,0
DA:27,0
DA:28,0
DA:29,0
DA:31,0
DA:33,0
DA:34,0
DA:35,0
DA:36,0
DA:39,0
DA:65,0
DA:66,0
DA:69,0
DA:70,0
DA:73,0
DA:74,0
DA:77,0
DA:78,0
DA:81,0
DA:82,0
DA:83,0
DA:86,0
DA:87,0
DA:88,0
DA:91,0
DA:95,0
DA:97,0
DA:98,0
DA:104,0
DA:105,0
DA:107,0
DA:108,0
DA:109,0
DA:110,0
DA:111,0
DA:112,0
DA:113,0
DA:114,0
DA:117,0
DA:118,0
DA:119,0
DA:120,0
DA:123,0
DA:134,0
DA:135,0
DA:138,0
DA:156,0
DA:157,0
DA:158,0
DA:160,0
DA:161,0
DA:163,0
DA:164,0
DA:165,0
DA:166,0
DA:167,0
DA:168,0
DA:169,0
DA:170,0
DA:171,0
DA:172,0
DA:173,0
DA:174,0
DA:177,0
DA:178,0
DA:179,0
DA:181,0
DA:189,0
DA:190,0
DA:194,0
DA:195,0
DA:196,0
DA:198,0
DA:199,0
DA:200,0
DA:203,0
DA:205,0
DA:209,0
DA:210,0
DA:211,0
DA:212,0
DA:214,0
DA:218,0
DA:219,0
DA:221,0
DA:238,0
LF:103
LH:0
BRDA:7,0,0,0
BRDA:7,0,1,0
BRDA:7,1,0,0
BRDA:7,1,1,0
BRDA:14,2,0,0
BRDA:14,2,1,0
BRDA:15,3,0,0
BRDA:15,3,1,0
BRDA:21,4,0,0
BRDA:21,4,1,0
BRDA:21,5,0,0
BRDA:21,5,1,0
BRDA:22,6,0,0
BRDA:22,6,1,0
BRDA:26,7,0,0
BRDA:26,7,1,0
BRDA:33,8,0,0
BRDA:33,8,1,0
BRDA:35,9,0,0
BRDA:35,9,1,0
BRDA:41,10,0,0
BRDA:41,10,1,0
BRDA:48,11,0,0
BRDA:48,11,1,0
BRDA:57,12,0,0
BRDA:57,12,1,0
BRDA:58,13,0,0
BRDA:58,13,1,0
BRDA:65,14,0,0
BRDA:65,14,1,0
BRDA:65,15,0,0
BRDA:65,15,1,0
BRDA:69,16,0,0
BRDA:69,16,1,0
BRDA:73,17,0,0
BRDA:73,17,1,0
BRDA:77,18,0,0
BRDA:77,18,1,0
BRDA:81,19,0,0
BRDA:81,19,1,0
BRDA:86,20,0,0
BRDA:86,20,1,0
BRDA:94,21,0,0
BRDA:97,22,0,0
BRDA:97,22,1,0
BRDA:97,23,0,0
BRDA:97,23,1,0
BRDA:107,24,0,0
BRDA:107,24,1,0
BRDA:107,25,0,0
BRDA:107,25,1,0
BRDA:109,26,0,0
BRDA:109,26,1,0
BRDA:109,27,0,0
BRDA:109,27,1,0
BRDA:111,28,0,0
BRDA:111,28,1,0
BRDA:113,29,0,0
BRDA:113,29,1,0
BRDA:117,30,0,0
BRDA:117,30,1,0
BRDA:117,31,0,0
BRDA:117,31,1,0
BRDA:117,31,2,0
BRDA:119,32,0,0
BRDA:119,32,1,0
BRDA:119,33,0,0
BRDA:119,33,1,0
BRDA:119,33,2,0
BRDA:133,34,0,0
BRDA:134,35,0,0
BRDA:134,35,1,0
BRDA:134,36,0,0
BRDA:134,36,1,0
BRDA:157,37,0,0
BRDA:157,37,1,0
BRDA:158,38,0,0
BRDA:158,38,1,0
BRDA:163,39,0,0
BRDA:163,39,1,0
BRDA:163,40,0,0
BRDA:163,40,1,0
BRDA:166,41,0,0
BRDA:166,41,1,0
BRDA:166,42,0,0
BRDA:166,42,1,0
BRDA:169,43,0,0
BRDA:169,43,1,0
BRDA:172,44,0,0
BRDA:172,44,1,0
BRDA:177,45,0,0
BRDA:177,45,1,0
BRDA:177,46,0,0
BRDA:177,46,1,0
BRDA:198,47,0,0
BRDA:198,47,1,0
BRDA:198,48,0,0
BRDA:198,48,1,0
BRDA:209,49,0,0
BRDA:209,49,1,0
BRDA:210,50,0,0
BRDA:210,50,1,0
BRDA:211,51,0,0
BRDA:211,51,1,0
BRDA:212,52,0,0
BRDA:212,52,1,0
BRDA:217,53,0,0
BRF:107
BRH:0
end_of_record
TN:
SF:src\services\ForecastingService.js
FN:15,(anonymous_0)
FN:20,(anonymous_1)
FN:49,(anonymous_2)
FN:54,(anonymous_3)
FN:65,(anonymous_4)
FN:66,(anonymous_5)
FN:68,(anonymous_6)
FN:69,(anonymous_7)
FN:97,(anonymous_8)
FN:113,(anonymous_9)
FN:165,(anonymous_10)
FN:169,(anonymous_11)
FN:177,(anonymous_12)
FN:207,(anonymous_13)
FN:244,(anonymous_14)
FN:245,(anonymous_15)
FN:251,(anonymous_16)
FN:267,(anonymous_17)
FN:268,(anonymous_18)
FN:269,(anonymous_19)
FN:292,(anonymous_20)
FNF:21
FNH:18
FNDA:1,(anonymous_0)
FNDA:1,(anonymous_1)
FNDA:3,(anonymous_2)
FNDA:9,(anonymous_3)
FNDA:48,(anonymous_4)
FNDA:48,(anonymous_5)
FNDA:48,(anonymous_6)
FNDA:48,(anonymous_7)
FNDA:46,(anonymous_8)
FNDA:8,(anonymous_9)
FNDA:3,(anonymous_10)
FNDA:5,(anonymous_11)
FNDA:3,(anonymous_12)
FNDA:3,(anonymous_13)
FNDA:3,(anonymous_14)
FNDA:3,(anonymous_15)
FNDA:3,(anonymous_16)
FNDA:0,(anonymous_17)
FNDA:0,(anonymous_18)
FNDA:0,(anonymous_19)
FNDA:2,(anonymous_20)
DA:1,1
DA:3,1
DA:12,1
DA:16,1
DA:17,1
DA:21,1
DA:49,1
DA:50,3
DA:55,9
DA:56,2
DA:64,7
DA:65,48
DA:66,48
DA:68,48
DA:69,48
DA:71,7
DA:72,7
DA:73,7
DA:74,7
DA:76,7
DA:77,48
DA:78,48
DA:79,48
DA:80,48
DA:81,48
DA:82,48
DA:85,7
DA:86,1
DA:94,6
DA:95,6
DA:97,6
DA:98,46
DA:99,46
DA:100,46
DA:103,6
DA:104,6
DA:106,6
DA:114,8
DA:115,1
DA:123,7
DA:124,1
DA:133,6
DA:134,1
DA:143,5
DA:144,5
DA:145,5
DA:147,5
DA:148,5
DA:149,4
DA:150,4
DA:151,3
DA:152,1
DA:153,1
DA:157,5
DA:166,3
DA:170,5
DA:171,5
DA:172,5
DA:174,0
DA:178,3
DA:179,3
DA:181,3
DA:182,3
DA:184,3
DA:185,2
DA:187,1
DA:193,3
DA:194,24
DA:197,3
DA:198,0
DA:201,3
DA:202,3
DA:204,3
DA:208,3
DA:209,3
DA:212,3
DA:213,3
DA:215,3
DA:216,3
DA:217,3
DA:218,3
DA:220,0
DA:221,0
DA:224,3
DA:230,3
DA:245,3
DA:247,3
DA:248,3
DA:249,3
DA:251,3
DA:252,3
DA:254,3
DA:255,0
DA:256,3
DA:257,3
DA:258,2
DA:259,1
DA:260,0
DA:262,1
DA:267,3
DA:268,3
DA:269,3
DA:271,3
DA:293,2
DA:296,2
DA:297,2
DA:298,2
DA:300,0
DA:303,2
DA:304,2
DA:305,2
DA:307,2
DA:319,1
LF:113
LH:106
BRDA:55,0,0,2
BRDA:55,0,1,7
BRDA:55,1,0,9
BRDA:55,1,1,9
BRDA:85,2,0,1
BRDA:85,2,1,6
BRDA:104,3,0,0
BRDA:104,3,1,6
BRDA:113,4,0,3
BRDA:114,5,0,1
BRDA:114,5,1,7
BRDA:123,6,0,1
BRDA:123,6,1,6
BRDA:123,7,0,7
BRDA:123,7,1,6
BRDA:133,8,0,1
BRDA:133,8,1,5
BRDA:148,9,0,4
BRDA:148,9,1,1
BRDA:148,10,0,5
BRDA:148,10,1,5
BRDA:150,11,0,3
BRDA:150,11,1,1
BRDA:152,12,0,1
BRDA:152,12,1,0
BRDA:166,13,0,3
BRDA:166,13,1,1
BRDA:171,14,0,5
BRDA:171,14,1,0
BRDA:179,15,0,3
BRDA:179,15,1,0
BRDA:184,16,0,2
BRDA:184,16,1,1
BRDA:184,17,0,3
BRDA:184,17,1,3
BRDA:197,18,0,0
BRDA:197,18,1,3
BRDA:215,19,0,3
BRDA:215,19,1,0
BRDA:254,20,0,0
BRDA:254,20,1,3
BRDA:256,21,0,3
BRDA:256,21,1,0
BRDA:257,22,0,2
BRDA:257,22,1,1
BRDA:259,23,0,0
BRDA:259,23,1,1
BRDA:292,24,0,0
BRDA:296,25,0,2
BRDA:296,25,1,0
BRF:50
BRH:39
end_of_record
TN:
SF:src\services\InventoryService.js
FN:5,(anonymous_0)
FN:20,(anonymous_1)
FN:35,(anonymous_2)
FN:50,(anonymous_3)
FN:65,(anonymous_4)
FN:78,(anonymous_5)
FN:95,(anonymous_6)
FN:142,(anonymous_7)
FN:158,(anonymous_8)
FN:174,(anonymous_9)
FNF:10
FNH:10
FNDA:2,(anonymous_0)
FNDA:17,(anonymous_1)
FNDA:6,(anonymous_2)
FNDA:4,(anonymous_3)
FNDA:2,(anonymous_4)
FNDA:5,(anonymous_5)
FNDA:5,(anonymous_6)
FNDA:2,(anonymous_7)
FNDA:3,(anonymous_8)
FNDA:2,(anonymous_9)
DA:1,2
DA:2,2
DA:6,2
DA:7,2
DA:8,2
DA:9,2
DA:15,0
DA:16,0
DA:21,17
DA:22,17
DA:23,14
DA:24,14
DA:30,3
DA:31,3
DA:36,6
DA:37,6
DA:38,3
DA:39,3
DA:45,3
DA:46,3
DA:51,4
DA:52,4
DA:53,2
DA:54,2
DA:60,2
DA:61,2
DA:66,2
DA:67,2
DA:68,1
DA:73,1
DA:74,1
DA:79,5
DA:80,5
DA:81,1
DA:84,4
DA:85,1
DA:88,3
DA:95,3
DA:96,5
DA:97,5
DA:107,5
DA:108,0
DA:111,5
DA:112,5
DA:114,5
DA:115,1
DA:117,4
DA:120,0
DA:125,0
DA:129,3
DA:130,3
DA:131,0
DA:134,3
DA:135,3
DA:137,2
DA:138,2
DA:143,2
DA:144,2
DA:145,2
DA:146,2
DA:153,0
DA:154,0
DA:159,3
DA:160,3
DA:161,3
DA:162,3
DA:169,0
DA:170,0
DA:175,2
DA:176,2
DA:177,2
DA:178,2
DA:186,0
DA:187,0
DA:192,2
LF:75
LH:63
BRDA:80,0,0,1
BRDA:80,0,1,4
BRDA:84,1,0,1
BRDA:84,1,1,3
BRDA:98,2,0,5
BRDA:98,2,1,0
BRDA:98,2,2,0
BRDA:99,3,0,5
BRDA:99,3,1,0
BRDA:100,4,0,5
BRDA:100,4,1,0
BRDA:101,5,0,5
BRDA:101,5,1,0
BRDA:101,5,2,0
BRDA:102,6,0,5
BRDA:102,6,1,5
BRDA:103,7,0,0
BRDA:103,7,1,5
BRDA:104,8,0,4
BRDA:104,8,1,1
BRDA:107,9,0,0
BRDA:107,9,1,5
BRDA:114,10,0,1
BRDA:114,10,1,4
BRDA:122,11,0,0
BRDA:122,11,1,0
BRDA:122,11,2,0
BRDA:130,12,0,0
BRDA:130,12,1,3
BRDA:158,13,0,0
BRF:30
BRH:17
end_of_record
TN:
SF:src\services\TransactionService.js
FN:5,(anonymous_0)
FN:10,(anonymous_1)
FN:14,(anonymous_2)
FN:32,(anonymous_3)
FN:62,(anonymous_4)
FN:78,(anonymous_5)
FN:114,(anonymous_6)
FN:151,(anonymous_7)
FN:192,(anonymous_8)
FN:225,(anonymous_9)
FN:227,(anonymous_10)
FN:228,(anonymous_11)
FN:231,(anonymous_12)
FN:233,(anonymous_13)
FN:243,(anonymous_14)
FN:250,(anonymous_15)
FN:288,(anonymous_16)
FN:310,(anonymous_17)
FN:318,(anonymous_18)
FN:323,(anonymous_19)
FN:328,(anonymous_20)
FN:332,(anonymous_21)
FNF:22
FNH:0
FNDA:0,(anonymous_0)
FNDA:0,(anonymous_1)
FNDA:0,(anonymous_2)
FNDA:0,(anonymous_3)
FNDA:0,(anonymous_4)
FNDA:0,(anonymous_5)
FNDA:0,(anonymous_6)
FNDA:0,(anonymous_7)
FNDA:0,(anonymous_8)
FNDA:0,(anonymous_9)
FNDA:0,(anonymous_10)
FNDA:0,(anonymous_11)
FNDA:0,(anonymous_12)
FNDA:0,(anonymous_13)
FNDA:0,(anonymous_14)
FNDA:0,(anonymous_15)
FNDA:0,(anonymous_16)
FNDA:0,(anonymous_17)
FNDA:0,(anonymous_18)
FNDA:0,(anonymous_19)
FNDA:0,(anonymous_20)
FNDA:0,(anonymous_21)
DA:1,0
DA:2,0
DA:6,0
DA:7,0
DA:11,0
DA:15,0
DA:16,0
DA:18,0
DA:19,0
DA:20,0
DA:23,0
DA:24,0
DA:27,0
DA:28,0
DA:29,0
DA:32,0
DA:33,0
DA:34,0
DA:35,0
DA:38,0
DA:39,0
DA:40,0
DA:44,0
DA:45,0
DA:46,0
DA:47,0
DA:48,0
DA:49,0
DA:50,0
DA:51,0
DA:55,0
DA:63,0
DA:64,0
DA:67,0
DA:68,0
DA:71,0
DA:72,0
DA:75,0
DA:76,0
DA:78,0
DA:99,0
DA:100,0
DA:102,0
DA:110,0
DA:111,0
DA:115,0
DA:116,0
DA:119,0
DA:121,0
DA:122,0
DA:125,0
DA:126,0
DA:127,0
DA:128,0
DA:130,0
DA:138,0
DA:145,0
DA:146,0
DA:148,0
DA:152,0
DA:153,0
DA:156,0
DA:158,0
DA:159,0
DA:162,0
DA:163,0
DA:166,0
DA:167,0
DA:168,0
DA:169,0
DA:171,0
DA:179,0
DA:186,0
DA:187,0
DA:189,0
DA:193,0
DA:194,0
DA:197,0
DA:199,0
DA:200,0
DA:203,0
DA:204,0
DA:206,0
DA:214,0
DA:219,0
DA:220,0
DA:222,0
DA:226,0
DA:227,0
DA:228,0
DA:232,0
DA:233,0
DA:235,0
DA:244,0
DA:245,0
DA:247,0
DA:257,0
DA:259,0
DA:260,0
DA:274,0
DA:276,0
DA:284,0
DA:285,0
DA:289,0
DA:296,0
DA:298,0
DA:311,0
DA:313,0
DA:314,0
DA:315,0
DA:318,0
DA:319,0
DA:320,0
DA:323,0
DA:324,0
DA:325,0
DA:328,0
DA:329,0
DA:332,0
DA:333,0
DA:334,0
DA:337,0
DA:341,0
LF:123
LH:0
BRDA:18,0,0,0
BRDA:18,0,1,0
BRDA:23,1,0,0
BRDA:23,1,1,0
BRDA:27,2,0,0
BRDA:27,2,1,0
BRDA:27,3,0,0
BRDA:27,3,1,0
BRDA:33,4,0,0
BRDA:33,4,1,0
BRDA:35,5,0,0
BRDA:35,5,1,0
BRDA:38,6,0,0
BRDA:38,6,1,0
BRDA:40,7,0,0
BRDA:40,7,1,0
BRDA:44,8,0,0
BRDA:44,8,1,0
BRDA:44,9,0,0
BRDA:44,9,1,0
BRDA:46,10,0,0
BRDA:46,10,1,0
BRDA:49,11,0,0
BRDA:49,11,1,0
BRDA:51,12,0,0
BRDA:51,12,1,0
BRDA:57,13,0,0
BRDA:57,13,1,0
BRDA:58,14,0,0
BRDA:58,14,1,0
BRDA:58,15,0,0
BRDA:58,15,1,0
BRDA:62,16,0,0
BRDA:62,17,0,0
BRDA:63,18,0,0
BRDA:63,18,1,0
BRDA:63,19,0,0
BRDA:63,19,1,0
BRDA:67,20,0,0
BRDA:67,20,1,0
BRDA:67,21,0,0
BRDA:67,21,1,0
BRDA:71,22,0,0
BRDA:71,22,1,0
BRDA:71,23,0,0
BRDA:71,23,1,0
BRDA:80,24,0,0
BRDA:80,24,1,0
BRDA:81,25,0,0
BRDA:81,25,1,0
BRDA:81,25,2,0
BRDA:82,26,0,0
BRDA:82,26,1,0
BRDA:114,27,0,0
BRDA:115,28,0,0
BRDA:115,28,1,0
BRDA:121,29,0,0
BRDA:121,29,1,0
BRDA:152,30,0,0
BRDA:152,30,1,0
BRDA:158,31,0,0
BRDA:158,31,1,0
BRDA:162,32,0,0
BRDA:162,32,1,0
BRDA:162,33,0,0
BRDA:162,33,1,0
BRDA:162,33,2,0
BRDA:193,34,0,0
BRDA:193,34,1,0
BRDA:199,35,0,0
BRDA:199,35,1,0
BRDA:231,36,0,0
BRDA:231,37,0,0
BRDA:244,38,0,0
BRDA:244,38,1,0
BRDA:256,39,0,0
BRDA:262,40,0,0
BRDA:262,40,1,0
BRDA:263,41,0,0
BRDA:263,41,1,0
BRDA:264,42,0,0
BRDA:264,42,1,0
BRDA:267,43,0,0
BRDA:267,43,1,0
BRDA:288,44,0,0
BRDA:313,45,0,0
BRDA:313,45,1,0
BRDA:318,46,0,0
BRDA:318,46,1,0
BRDA:323,47,0,0
BRDA:323,47,1,0
BRDA:328,48,0,0
BRDA:328,48,1,0
BRDA:332,49,0,0
BRDA:332,49,1,0
BRDA:337,50,0,0
BRDA:337,50,1,0
BRF:97
BRH:0
end_of_record
TN:
SF:src\services\WalmartService.js
FN:62,(anonymous_0)
FN:68,(anonymous_1)
FN:73,(anonymous_2)
FN:87,(anonymous_3)
FN:88,(anonymous_4)
FN:113,(anonymous_5)
FN:117,(anonymous_6)
FN:118,(anonymous_7)
FN:134,(anonymous_8)
FNF:9
FNH:0
FNDA:0,(anonymous_0)
FNDA:0,(anonymous_1)
FNDA:0,(anonymous_2)
FNDA:0,(anonymous_3)
FNDA:0,(anonymous_4)
FNDA:0,(anonymous_5)
FNDA:0,(anonymous_6)
FNDA:0,(anonymous_7)
FNDA:0,(anonymous_8)
DA:1,0
DA:3,0
DA:56,0
DA:63,0
DA:64,0
DA:67,0
DA:68,0
DA:69,0
DA:73,0
DA:83,0
DA:84,0
DA:88,0
DA:90,0
DA:91,0
DA:94,0
DA:114,0
DA:118,0
DA:120,0
DA:121,0
DA:124,0
DA:135,0
DA:139,0
LF:22
LH:0
BRDA:62,0,0,0
BRDA:63,1,0,0
BRDA:63,1,1,0
BRDA:63,2,0,0
BRDA:63,2,1,0
BRDA:69,3,0,0
BRDA:69,3,1,0
BRDA:90,4,0,0
BRDA:90,4,1,0
BRDA:105,5,0,0
BRDA:105,5,1,0
BRDA:106,6,0,0
BRDA:106,6,1,0
BRDA:120,7,0,0
BRDA:120,7,1,0
BRF:15
BRH:0
end_of_record
TN:
SF:src\utils\logger.js
FN:12,(anonymous_0)
FN:16,(anonymous_1)
FN:18,(anonymous_2)
FN:25,(anonymous_3)
FN:31,(anonymous_4)
FN:37,(anonymous_5)
FN:43,(anonymous_6)
FNF:7
FNH:0
FNDA:0,(anonymous_0)
FNDA:0,(anonymous_1)
FNDA:0,(anonymous_2)
FNDA:0,(anonymous_3)
FNDA:0,(anonymous_4)
FNDA:0,(anonymous_5)
FNDA:0,(anonymous_6)
DA:1,0
DA:8,0
DA:12,0
DA:13,0
DA:16,0
DA:17,0
DA:18,0
DA:19,0
DA:21,0
DA:24,0
DA:26,0
DA:27,0
DA:32,0
DA:33,0
DA:38,0
DA:39,0
DA:44,0
DA:45,0
DA:50,0
LF:19
LH:0
BRDA:8,0,0,0
BRDA:8,0,1,0
BRDA:9,1,0,0
BRDA:9,1,1,0
BRDA:10,2,0,0
BRDA:10,2,1,0
BRDA:18,3,0,0
BRDA:18,3,1,0
BRDA:19,4,0,0
BRDA:19,4,1,0
BRDA:26,5,0,0
BRDA:26,5,1,0
BRDA:32,6,0,0
BRDA:32,6,1,0
BRDA:38,7,0,0
BRDA:38,7,1,0
BRDA:44,8,0,0
BRDA:44,8,1,0
BRF:18
BRH:0
end_of_record
